This is pdfTeX, Version 3.14159265-2.6-1.40.17 (TeX Live 2016/Debian) (preloaded format=pdflatex 2018.1.22)  30 MAY 2018 12:31
entering extended mode
 restricted \write18 enabled.
 %&-line parsing enabled.
**ReporteMC.tex
(./ReporteMC.tex
LaTeX2e <2017/01/01> patch level 3
Babel <3.9r> and hyphenation patterns for 8 language(s) loaded.
(/usr/share/texlive/texmf-dist/tex/latex/base/article.cls
Document Class: article 2014/09/29 v1.4h Standard LaTeX document class
(/usr/share/texlive/texmf-dist/tex/latex/base/size12.clo
File: size12.clo 2014/09/29 v1.4h Standard LaTeX file (size option)
)
\c@part=\count79
\c@section=\count80
\c@subsection=\count81
\c@subsubsection=\count82
\c@paragraph=\count83
\c@subparagraph=\count84
\c@figure=\count85
\c@table=\count86
\abovecaptionskip=\skip41
\belowcaptionskip=\skip42
\bibindent=\dimen102
)
(/usr/share/texlive/texmf-dist/tex/generic/babel/babel.sty
Package: babel 2016/04/23 3.9r The Babel package

(/usr/share/texlive/texmf-dist/tex/generic/babel-spanish/spanish.ldf
Language: spanish.ldf 2016/03/03 v5.0p Spanish support from the babel system

(/usr/share/texlive/texmf-dist/tex/generic/babel/babel.def
File: babel.def 2016/04/23 3.9r Babel common definitions
\babel@savecnt=\count87
\U@D=\dimen103
)
\es@quottoks=\toks14
\es@quotdepth=\count88
Package babel Info: Making " an active character on input line 561.
Package babel Info: Making < an active character on input line 707.
Package babel Info: Making > an active character on input line 707.
))
(/usr/share/texlive/texmf-dist/tex/latex/base/inputenc.sty
Package: inputenc 2015/03/17 v1.2c Input encoding file
\inpenc@prehook=\toks15
\inpenc@posthook=\toks16

(/usr/share/texlive/texmf-dist/tex/latex/ucs/utf8x.def
File: utf8x.def 2004/10/17 UCS: Input encoding UTF-8
))
(/usr/share/texlive/texmf-dist/tex/latex/ucs/ucs.sty
Package: ucs 2013/05/11 v2.2 UCS: Unicode input support

(/usr/share/texlive/texmf-dist/tex/latex/ucs/data/uni-global.def
File: uni-global.def 2013/05/13 UCS: Unicode global data
)
\uc@secondtry=\count89
\uc@combtoks=\toks17
\uc@combtoksb=\toks18
\uc@temptokena=\toks19
)
(/usr/share/texlive/texmf-dist/tex/latex/amsmath/amsmath.sty
Package: amsmath 2016/11/05 v2.16a AMS math features
\@mathmargin=\skip43

For additional information on amsmath, use the `?' option.
(/usr/share/texlive/texmf-dist/tex/latex/amsmath/amstext.sty
Package: amstext 2000/06/29 v2.01 AMS text

(/usr/share/texlive/texmf-dist/tex/latex/amsmath/amsgen.sty
File: amsgen.sty 1999/11/30 v2.0 generic functions
\@emptytoks=\toks20
\ex@=\dimen104
))
(/usr/share/texlive/texmf-dist/tex/latex/amsmath/amsbsy.sty
Package: amsbsy 1999/11/29 v1.2d Bold Symbols
\pmbraise@=\dimen105
)
(/usr/share/texlive/texmf-dist/tex/latex/amsmath/amsopn.sty
Package: amsopn 2016/03/08 v2.02 operator names
)
\inf@bad=\count90
LaTeX Info: Redefining \frac on input line 213.
\uproot@=\count91
\leftroot@=\count92
LaTeX Info: Redefining \overline on input line 375.
\classnum@=\count93
\DOTSCASE@=\count94
LaTeX Info: Redefining \ldots on input line 472.
LaTeX Info: Redefining \dots on input line 475.
LaTeX Info: Redefining \cdots on input line 596.
\Mathstrutbox@=\box26
\strutbox@=\box27
\big@size=\dimen106
LaTeX Font Info:    Redeclaring font encoding OML on input line 712.
LaTeX Font Info:    Redeclaring font encoding OMS on input line 713.
\macc@depth=\count95
\c@MaxMatrixCols=\count96
\dotsspace@=\muskip10
\c@parentequation=\count97
\dspbrk@lvl=\count98
\tag@help=\toks21
\row@=\count99
\column@=\count100
\maxfields@=\count101
\andhelp@=\toks22
\eqnshift@=\dimen107
\alignsep@=\dimen108
\tagshift@=\dimen109
\tagwidth@=\dimen110
\totwidth@=\dimen111
\lineht@=\dimen112
\@envbody=\toks23
\multlinegap=\skip44
\multlinetaggap=\skip45
\mathdisplay@stack=\toks24
LaTeX Info: Redefining \[ on input line 2817.
LaTeX Info: Redefining \] on input line 2818.
)
(/usr/share/texlive/texmf-dist/tex/latex/hyperref/hyperref.sty
Package: hyperref 2016/06/24 v6.83q Hypertext links for LaTeX

(/usr/share/texlive/texmf-dist/tex/generic/oberdiek/hobsub-hyperref.sty
Package: hobsub-hyperref 2016/05/16 v1.14 Bundle oberdiek, subset hyperref (HO)


(/usr/share/texlive/texmf-dist/tex/generic/oberdiek/hobsub-generic.sty
Package: hobsub-generic 2016/05/16 v1.14 Bundle oberdiek, subset generic (HO)
Package: hobsub 2016/05/16 v1.14 Construct package bundles (HO)
Package: infwarerr 2016/05/16 v1.4 Providing info/warning/error messages (HO)
Package: ltxcmds 2016/05/16 v1.23 LaTeX kernel commands for general use (HO)
Package: ifluatex 2016/05/16 v1.4 Provides the ifluatex switch (HO)
Package ifluatex Info: LuaTeX not detected.
Package: ifvtex 2016/05/16 v1.6 Detect VTeX and its facilities (HO)
Package ifvtex Info: VTeX not detected.
Package: intcalc 2016/05/16 v1.2 Expandable calculations with integers (HO)
Package: ifpdf 2016/05/14 v3.1 Provides the ifpdf switch
Package: etexcmds 2016/05/16 v1.6 Avoid name clashes with e-TeX commands (HO)
Package etexcmds Info: Could not find \expanded.
(etexcmds)             That can mean that you are not using pdfTeX 1.50 or
(etexcmds)             that some package has redefined \expanded.
(etexcmds)             In the latter case, load this package earlier.
Package: kvsetkeys 2016/05/16 v1.17 Key value parser (HO)
Package: kvdefinekeys 2016/05/16 v1.4 Define keys (HO)
Package: pdftexcmds 2016/05/21 v0.22 Utility functions of pdfTeX for LuaTeX (HO
)
Package pdftexcmds Info: LuaTeX not detected.
Package pdftexcmds Info: \pdf@primitive is available.
Package pdftexcmds Info: \pdf@ifprimitive is available.
Package pdftexcmds Info: \pdfdraftmode found.
Package: pdfescape 2016/05/16 v1.14 Implements pdfTeX's escape features (HO)
Package: bigintcalc 2016/05/16 v1.4 Expandable calculations on big integers (HO
)
Package: bitset 2016/05/16 v1.2 Handle bit-vector datatype (HO)
Package: uniquecounter 2016/05/16 v1.3 Provide unlimited unique counter (HO)
)
Package hobsub Info: Skipping package `hobsub' (already loaded).
Package: letltxmacro 2016/05/16 v1.5 Let assignment for LaTeX macros (HO)
Package: hopatch 2016/05/16 v1.3 Wrapper for package hooks (HO)
Package: xcolor-patch 2016/05/16 xcolor patch
Package: atveryend 2016/05/16 v1.9 Hooks at the very end of document (HO)
Package atveryend Info: \enddocument detected (standard20110627).
Package: atbegshi 2016/06/09 v1.18 At begin shipout hook (HO)
Package: refcount 2016/05/16 v3.5 Data extraction from label references (HO)
Package: hycolor 2016/05/16 v1.8 Color options for hyperref/bookmark (HO)
)
(/usr/share/texlive/texmf-dist/tex/latex/graphics/keyval.sty
Package: keyval 2014/10/28 v1.15 key=value parser (DPC)
\KV@toks@=\toks25
)
(/usr/share/texlive/texmf-dist/tex/generic/ifxetex/ifxetex.sty
Package: ifxetex 2010/09/12 v0.6 Provides ifxetex conditional
)
(/usr/share/texlive/texmf-dist/tex/latex/oberdiek/auxhook.sty
Package: auxhook 2016/05/16 v1.4 Hooks for auxiliary files (HO)
)
(/usr/share/texlive/texmf-dist/tex/latex/oberdiek/kvoptions.sty
Package: kvoptions 2016/05/16 v3.12 Key value format for package options (HO)
)
\@linkdim=\dimen113
\Hy@linkcounter=\count102
\Hy@pagecounter=\count103

(/usr/share/texlive/texmf-dist/tex/latex/hyperref/pd1enc.def
File: pd1enc.def 2016/06/24 v6.83q Hyperref: PDFDocEncoding definition (HO)
)
\Hy@SavedSpaceFactor=\count104

(/usr/share/texlive/texmf-dist/tex/latex/latexconfig/hyperref.cfg
File: hyperref.cfg 2002/06/06 v1.2 hyperref configuration of TeXLive
)
Package hyperref Info: Hyper figures OFF on input line 4486.
Package hyperref Info: Link nesting OFF on input line 4491.
Package hyperref Info: Hyper index ON on input line 4494.
Package hyperref Info: Plain pages OFF on input line 4501.
Package hyperref Info: Backreferencing OFF on input line 4506.
Package hyperref Info: Implicit mode ON; LaTeX internals redefined.
Package hyperref Info: Bookmarks ON on input line 4735.
\c@Hy@tempcnt=\count105

(/usr/share/texlive/texmf-dist/tex/latex/url/url.sty
\Urlmuskip=\muskip11
Package: url 2013/09/16  ver 3.4  Verb mode for urls, etc.
)
LaTeX Info: Redefining \url on input line 5088.
\XeTeXLinkMargin=\dimen114
\Fld@menulength=\count106
\Field@Width=\dimen115
\Fld@charsize=\dimen116
Package hyperref Info: Hyper figures OFF on input line 6342.
Package hyperref Info: Link nesting OFF on input line 6347.
Package hyperref Info: Hyper index ON on input line 6350.
Package hyperref Info: backreferencing OFF on input line 6357.
Package hyperref Info: Link coloring OFF on input line 6362.
Package hyperref Info: Link coloring with OCG OFF on input line 6367.
Package hyperref Info: PDF/A mode OFF on input line 6372.
LaTeX Info: Redefining \ref on input line 6412.
LaTeX Info: Redefining \pageref on input line 6416.
\Hy@abspage=\count107
\c@Item=\count108
\c@Hfootnote=\count109
)

Package hyperref Message: Driver (autodetected): hpdftex.

(/usr/share/texlive/texmf-dist/tex/latex/hyperref/hpdftex.def
File: hpdftex.def 2016/06/24 v6.83q Hyperref driver for pdfTeX
\Fld@listcount=\count110
\c@bookmark@seq@number=\count111

(/usr/share/texlive/texmf-dist/tex/latex/oberdiek/rerunfilecheck.sty
Package: rerunfilecheck 2016/05/16 v1.8 Rerun checks for auxiliary files (HO)
Package uniquecounter Info: New unique counter `rerunfilecheck' on input line 2
82.
)
\Hy@SectionHShift=\skip46
)
(/usr/share/texlive/texmf-dist/tex/latex/base/textcomp.sty
Package: textcomp 2017/02/22 v2.0g Standard LaTeX package
Package textcomp Info: Sub-encoding information:
(textcomp)               5 = only ISO-Adobe without \textcurrency
(textcomp)               4 = 5 + \texteuro
(textcomp)               3 = 4 + \textohm
(textcomp)               2 = 3 + \textestimated + \textcurrency
(textcomp)               1 = TS1 - \textcircled - \t
(textcomp)               0 = TS1 (full)
(textcomp)             Font families with sub-encoding setting implement
(textcomp)             only a restricted character set as indicated.
(textcomp)             Family '?' is the default used for unknown fonts.
(textcomp)             See the documentation for details.
Package textcomp Info: Setting ? sub-encoding to TS1/1 on input line 79.

(/usr/share/texlive/texmf-dist/tex/latex/base/ts1enc.def
File: ts1enc.def 2001/06/05 v3.0e (jk/car/fm) Standard LaTeX file
)
LaTeX Info: Redefining \oldstylenums on input line 334.
Package textcomp Info: Setting cmr sub-encoding to TS1/0 on input line 349.
Package textcomp Info: Setting cmss sub-encoding to TS1/0 on input line 350.
Package textcomp Info: Setting cmtt sub-encoding to TS1/0 on input line 351.
Package textcomp Info: Setting cmvtt sub-encoding to TS1/0 on input line 352.
Package textcomp Info: Setting cmbr sub-encoding to TS1/0 on input line 353.
Package textcomp Info: Setting cmtl sub-encoding to TS1/0 on input line 354.
Package textcomp Info: Setting ccr sub-encoding to TS1/0 on input line 355.
Package textcomp Info: Setting ptm sub-encoding to TS1/4 on input line 356.
Package textcomp Info: Setting pcr sub-encoding to TS1/4 on input line 357.
Package textcomp Info: Setting phv sub-encoding to TS1/4 on input line 358.
Package textcomp Info: Setting ppl sub-encoding to TS1/3 on input line 359.
Package textcomp Info: Setting pag sub-encoding to TS1/4 on input line 360.
Package textcomp Info: Setting pbk sub-encoding to TS1/4 on input line 361.
Package textcomp Info: Setting pnc sub-encoding to TS1/4 on input line 362.
Package textcomp Info: Setting pzc sub-encoding to TS1/4 on input line 363.
Package textcomp Info: Setting bch sub-encoding to TS1/4 on input line 364.
Package textcomp Info: Setting put sub-encoding to TS1/5 on input line 365.
Package textcomp Info: Setting uag sub-encoding to TS1/5 on input line 366.
Package textcomp Info: Setting ugq sub-encoding to TS1/5 on input line 367.
Package textcomp Info: Setting ul8 sub-encoding to TS1/4 on input line 368.
Package textcomp Info: Setting ul9 sub-encoding to TS1/4 on input line 369.
Package textcomp Info: Setting augie sub-encoding to TS1/5 on input line 370.
Package textcomp Info: Setting dayrom sub-encoding to TS1/3 on input line 371.
Package textcomp Info: Setting dayroms sub-encoding to TS1/3 on input line 372.

Package textcomp Info: Setting pxr sub-encoding to TS1/0 on input line 373.
Package textcomp Info: Setting pxss sub-encoding to TS1/0 on input line 374.
Package textcomp Info: Setting pxtt sub-encoding to TS1/0 on input line 375.
Package textcomp Info: Setting txr sub-encoding to TS1/0 on input line 376.
Package textcomp Info: Setting txss sub-encoding to TS1/0 on input line 377.
Package textcomp Info: Setting txtt sub-encoding to TS1/0 on input line 378.
Package textcomp Info: Setting lmr sub-encoding to TS1/0 on input line 379.
Package textcomp Info: Setting lmdh sub-encoding to TS1/0 on input line 380.
Package textcomp Info: Setting lmss sub-encoding to TS1/0 on input line 381.
Package textcomp Info: Setting lmssq sub-encoding to TS1/0 on input line 382.
Package textcomp Info: Setting lmvtt sub-encoding to TS1/0 on input line 383.
Package textcomp Info: Setting lmtt sub-encoding to TS1/0 on input line 384.
Package textcomp Info: Setting qhv sub-encoding to TS1/0 on input line 385.
Package textcomp Info: Setting qag sub-encoding to TS1/0 on input line 386.
Package textcomp Info: Setting qbk sub-encoding to TS1/0 on input line 387.
Package textcomp Info: Setting qcr sub-encoding to TS1/0 on input line 388.
Package textcomp Info: Setting qcs sub-encoding to TS1/0 on input line 389.
Package textcomp Info: Setting qpl sub-encoding to TS1/0 on input line 390.
Package textcomp Info: Setting qtm sub-encoding to TS1/0 on input line 391.
Package textcomp Info: Setting qzc sub-encoding to TS1/0 on input line 392.
Package textcomp Info: Setting qhvc sub-encoding to TS1/0 on input line 393.
Package textcomp Info: Setting futs sub-encoding to TS1/4 on input line 394.
Package textcomp Info: Setting futx sub-encoding to TS1/4 on input line 395.
Package textcomp Info: Setting futj sub-encoding to TS1/4 on input line 396.
Package textcomp Info: Setting hlh sub-encoding to TS1/3 on input line 397.
Package textcomp Info: Setting hls sub-encoding to TS1/3 on input line 398.
Package textcomp Info: Setting hlst sub-encoding to TS1/3 on input line 399.
Package textcomp Info: Setting hlct sub-encoding to TS1/5 on input line 400.
Package textcomp Info: Setting hlx sub-encoding to TS1/5 on input line 401.
Package textcomp Info: Setting hlce sub-encoding to TS1/5 on input line 402.
Package textcomp Info: Setting hlcn sub-encoding to TS1/5 on input line 403.
Package textcomp Info: Setting hlcw sub-encoding to TS1/5 on input line 404.
Package textcomp Info: Setting hlcf sub-encoding to TS1/5 on input line 405.
Package textcomp Info: Setting pplx sub-encoding to TS1/3 on input line 406.
Package textcomp Info: Setting pplj sub-encoding to TS1/3 on input line 407.
Package textcomp Info: Setting ptmx sub-encoding to TS1/4 on input line 408.
Package textcomp Info: Setting ptmj sub-encoding to TS1/4 on input line 409.
)
(/usr/share/texlive/texmf-dist/tex/latex/was/gensymb.sty
Package: gensymb 2003/07/02 v1.0 (WaS)
)
(/usr/share/texlive/texmf-dist/tex/latex/xcolor/xcolor.sty
Package: xcolor 2016/05/11 v2.12 LaTeX color extensions (UK)

(/usr/share/texlive/texmf-dist/tex/latex/graphics-cfg/color.cfg
File: color.cfg 2016/01/02 v1.6 sample color configuration
)
Package xcolor Info: Driver file: pdftex.def on input line 225.

(/usr/share/texlive/texmf-dist/tex/latex/graphics-def/pdftex.def
File: pdftex.def 2017/01/12 v0.06k Graphics/color for pdfTeX
\Gread@gobject=\count112
)
Package xcolor Info: Model `cmy' substituted by `cmy0' on input line 1348.
Package xcolor Info: Model `hsb' substituted by `rgb' on input line 1352.
Package xcolor Info: Model `RGB' extended on input line 1364.
Package xcolor Info: Model `HTML' substituted by `rgb' on input line 1366.
Package xcolor Info: Model `Hsb' substituted by `hsb' on input line 1367.
Package xcolor Info: Model `tHsb' substituted by `hsb' on input line 1368.
Package xcolor Info: Model `HSB' substituted by `hsb' on input line 1369.
Package xcolor Info: Model `Gray' substituted by `gray' on input line 1370.
Package xcolor Info: Model `wave' substituted by `hsb' on input line 1371.

(/usr/share/texlive/texmf-dist/tex/latex/graphics/dvipsnam.def
File: dvipsnam.def 2016/06/17 v3.0m Driver-dependent file (DPC,SPQR)
))
(/usr/share/texlive/texmf-dist/tex/latex/parskip/parskip.sty
Package: parskip 2001/04/09 non-zero parskip adjustments
)
(/usr/share/texlive/texmf-dist/tex/latex/fancyhdr/fancyhdr.sty
Package: fancyhdr 2016/09/06 3.8 Extensive control of page headers and footers
\fancy@headwidth=\skip47
\f@ncyO@elh=\skip48
\f@ncyO@erh=\skip49
\f@ncyO@olh=\skip50
\f@ncyO@orh=\skip51
\f@ncyO@elf=\skip52
\f@ncyO@erf=\skip53
\f@ncyO@olf=\skip54
\f@ncyO@orf=\skip55
)
(/usr/share/texlive/texmf-dist/tex/latex/tools/multicol.sty
Package: multicol 2016/04/07 v1.8p multicolumn formatting (FMi)
\c@tracingmulticols=\count113
\mult@box=\box28
\multicol@leftmargin=\dimen117
\c@unbalance=\count114
\c@collectmore=\count115
\doublecol@number=\count116
\multicoltolerance=\count117
\multicolpretolerance=\count118
\full@width=\dimen118
\page@free=\dimen119
\premulticols=\dimen120
\postmulticols=\dimen121
\multicolsep=\skip56
\multicolbaselineskip=\skip57
\partial@page=\box29
\last@line=\box30
\maxbalancingoverflow=\dimen122
\mult@rightbox=\box31
\mult@grightbox=\box32
\mult@gfirstbox=\box33
\mult@firstbox=\box34
\@tempa=\box35
\@tempa=\box36
\@tempa=\box37
\@tempa=\box38
\@tempa=\box39
\@tempa=\box40
\@tempa=\box41
\@tempa=\box42
\@tempa=\box43
\@tempa=\box44
\@tempa=\box45
\@tempa=\box46
\@tempa=\box47
\@tempa=\box48
\@tempa=\box49
\@tempa=\box50
\@tempa=\box51
\c@columnbadness=\count119
\c@finalcolumnbadness=\count120
\last@try=\dimen123
\multicolovershoot=\dimen124
\multicolundershoot=\dimen125
\mult@nat@firstbox=\box52
\colbreak@box=\box53
\mc@col@check@num=\count121
)
(/usr/share/texlive/texmf-dist/tex/latex/vmargin/vmargin.sty
Package: vmargin 2004/07/15 V2.5 set document margins (VK)

Package: vmargin 2004/07/15 V2.5 set document margins (VK)
\PaperWidth=\dimen126
\PaperHeight=\dimen127
) (/usr/share/texlive/texmf-dist/tex/latex/setspace/setspace.sty
Package: setspace 2011/12/19 v6.7a set line spacing
)
(/usr/share/texlive/texmf-dist/tex/latex/geometry/geometry.sty
Package: geometry 2010/09/12 v5.6 Page Geometry
\Gm@cnth=\count122
\Gm@cntv=\count123
\c@Gm@tempcnt=\count124
\Gm@bindingoffset=\dimen128
\Gm@wd@mp=\dimen129
\Gm@odd@mp=\dimen130
\Gm@even@mp=\dimen131
\Gm@layoutwidth=\dimen132
\Gm@layoutheight=\dimen133
\Gm@layouthoffset=\dimen134
\Gm@layoutvoffset=\dimen135
\Gm@dimlist=\toks26
)
(/usr/share/texlive/texmf-dist/tex/latex/float/float.sty
Package: float 2001/11/08 v1.3d Float enhancements (AL)
\c@float@type=\count125
\float@exts=\toks27
\float@box=\box54
\@float@everytoks=\toks28
\@floatcapt=\box55
)
(/usr/share/texlive/texmf-dist/tex/latex/tools/array.sty
Package: array 2016/10/06 v2.4d Tabular extension package (FMi)
\col@sep=\dimen136
\extrarowheight=\dimen137
\NC@list=\toks29
\extratabsurround=\skip58
\backup@length=\skip59
)
(/usr/share/texlive/texmf-dist/tex/latex/graphics/graphicx.sty
Package: graphicx 2014/10/28 v1.0g Enhanced LaTeX Graphics (DPC,SPQR)

(/usr/share/texlive/texmf-dist/tex/latex/graphics/graphics.sty
Package: graphics 2016/10/09 v1.0u Standard LaTeX Graphics (DPC,SPQR)

(/usr/share/texlive/texmf-dist/tex/latex/graphics/trig.sty
Package: trig 2016/01/03 v1.10 sin cos tan (DPC)
)
(/usr/share/texlive/texmf-dist/tex/latex/graphics-cfg/graphics.cfg
File: graphics.cfg 2016/06/04 v1.11 sample graphics configuration
)
Package graphics Info: Driver file: pdftex.def on input line 99.
)
\Gin@req@height=\dimen138
\Gin@req@width=\dimen139
)
(/usr/share/texlive/texmf-dist/tex/latex/wrapfig/wrapfig.sty
\wrapoverhang=\dimen140
\WF@size=\dimen141
\c@WF@wrappedlines=\count126
\WF@box=\box56
\WF@everypar=\toks30
Package: wrapfig 2003/01/31  v 3.6
)
(/usr/share/texlive/texmf-dist/tex/latex/caption/caption.sty
Package: caption 2016/02/21 v3.3-144 Customizing captions (AR)

(/usr/share/texlive/texmf-dist/tex/latex/caption/caption3.sty
Package: caption3 2016/05/22 v1.7-166 caption3 kernel (AR)
Package caption3 Info: TeX engine: e-TeX on input line 67.
\captionmargin=\dimen142
\captionmargin@=\dimen143
\captionwidth=\dimen144
\caption@tempdima=\dimen145
\caption@indent=\dimen146
\caption@parindent=\dimen147
\caption@hangindent=\dimen148
)
\c@ContinuedFloat=\count127
Package caption Info: float package is loaded.
Package caption Info: hyperref package is loaded.
Package caption Info: wrapfig package is loaded.
)
(/usr/share/texlive/texmf-dist/tex/latex/caption/subcaption.sty
Package: subcaption 2016/05/22 v1.1-161 Sub-captions (AR)
\c@subfigure=\count128
\c@subtable=\count129
)
(/usr/share/texlive/texmf-dist/tex/latex/natbib/natbib.sty
Package: natbib 2010/09/13 8.31b (PWD, AO)
\bibhang=\skip60
\bibsep=\skip61
LaTeX Info: Redefining \cite on input line 694.
\c@NAT@ctr=\count130
)
(/usr/share/texlive/texmf-dist/tex/latex/listings/listings.sty
\lst@mode=\count131
\lst@gtempboxa=\box57
\lst@token=\toks31
\lst@length=\count132
\lst@currlwidth=\dimen149
\lst@column=\count133
\lst@pos=\count134
\lst@lostspace=\dimen150
\lst@width=\dimen151
\lst@newlines=\count135
\lst@lineno=\count136
\lst@maxwidth=\dimen152

(/usr/share/texlive/texmf-dist/tex/latex/listings/lstmisc.sty
File: lstmisc.sty 2015/06/04 1.6 (Carsten Heinz)
\c@lstnumber=\count137
\lst@skipnumbers=\count138
\lst@framebox=\box58
)
(/usr/share/texlive/texmf-dist/tex/latex/listings/listings.cfg
File: listings.cfg 2015/06/04 1.6 listings configuration
))
Package: listings 2015/06/04 1.6 (Carsten Heinz)

(/usr/share/texlive/texmf-dist/tex/latex/listings/lstlang1.sty
File: lstlang1.sty 2015/06/04 1.6 listings language file
)
(/usr/share/texlive/texmf-dist/tex/latex/listings/lstlang1.sty
File: lstlang1.sty 2015/06/04 1.6 listings language file
)
(/usr/share/texlive/texmf-dist/tex/latex/listings/lstlang1.sty
File: lstlang1.sty 2015/06/04 1.6 listings language file
)
(./ReporteMC.aux
LaTeX Info: Redefining \. on input line 23.
LaTeX Info: Redefining \% on input line 23.
)
\openout1 = `ReporteMC.aux'.

LaTeX Font Info:    Checking defaults for OML/cmm/m/it on input line 82.
LaTeX Font Info:    ... okay on input line 82.
LaTeX Font Info:    Checking defaults for T1/cmr/m/n on input line 82.
LaTeX Font Info:    ... okay on input line 82.
LaTeX Font Info:    Checking defaults for OT1/cmr/m/n on input line 82.
LaTeX Font Info:    ... okay on input line 82.
LaTeX Font Info:    Checking defaults for OMS/cmsy/m/n on input line 82.
LaTeX Font Info:    ... okay on input line 82.
LaTeX Font Info:    Checking defaults for OMX/cmex/m/n on input line 82.
LaTeX Font Info:    ... okay on input line 82.
LaTeX Font Info:    Checking defaults for U/cmr/m/n on input line 82.
LaTeX Font Info:    ... okay on input line 82.
LaTeX Font Info:    Checking defaults for PD1/pdf/m/n on input line 82.
LaTeX Font Info:    ... okay on input line 82.
LaTeX Font Info:    Checking defaults for TS1/cmr/m/n on input line 82.
LaTeX Font Info:    Try loading font information for TS1+cmr on input line 82.
 (/usr/share/texlive/texmf-dist/tex/latex/base/ts1cmr.fd
File: ts1cmr.fd 2014/09/29 v2.5h Standard LaTeX font definitions
)
LaTeX Font Info:    ... okay on input line 82.
LaTeX Info: Redefining \. on input line 82.
LaTeX Info: Redefining \% on input line 82.

(/usr/share/texlive/texmf-dist/tex/latex/ucs/ucsencs.def
File: ucsencs.def 2011/01/21 Fixes to fontencodings LGR, T3
)
\AtBeginShipoutBox=\box59
Package hyperref Info: Link coloring OFF on input line 82.

(/usr/share/texlive/texmf-dist/tex/latex/hyperref/nameref.sty
Package: nameref 2016/05/21 v2.44 Cross-referencing by name of section

(/usr/share/texlive/texmf-dist/tex/generic/oberdiek/gettitlestring.sty
Package: gettitlestring 2016/05/16 v1.5 Cleanup title references (HO)
)
\c@section@level=\count139
)
LaTeX Info: Redefining \ref on input line 82.
LaTeX Info: Redefining \pageref on input line 82.
LaTeX Info: Redefining \nameref on input line 82.

(./ReporteMC.out) (./ReporteMC.out)
\@outlinefile=\write3
\openout3 = `ReporteMC.out'.

\symgns@font=\mathgroup4
LaTeX Font Info:    Overwriting symbol font `gns@font' in version `bold'
(Font)                  TS1/cmr/m/n --> TS1/cmr/bx/n on input line 82.
Package gensymb Info: Math companion symbols declared on input line 82.
LaTeX Info: Redefining \degree on input line 82.
LaTeX Info: Redefining \celsius on input line 82.
Package gensymb Info: Using text companion symbols for \degree, \celsius and \p
erthousand on input line 82.
LaTeX Info: Redefining \ohm on input line 82.
Package gensymb Info: Using \textohm for \ohm on input line 82.
Package gensymb Info: Using \textmu for \micro on input line 82.

(/usr/share/texlive/texmf-dist/tex/context/base/mkii/supp-pdf.mkii
[Loading MPS to PDF converter (version 2006.09.02).]
\scratchcounter=\count140
\scratchdimen=\dimen153
\scratchbox=\box60
\nofMPsegments=\count141
\nofMParguments=\count142
\everyMPshowfont=\toks32
\MPscratchCnt=\count143
\MPscratchDim=\dimen154
\MPnumerator=\count144
\makeMPintoPDFobject=\count145
\everyMPtoPDFconversion=\toks33
) (/usr/share/texlive/texmf-dist/tex/latex/oberdiek/epstopdf-base.sty
Package: epstopdf-base 2016/05/15 v2.6 Base part for package epstopdf

(/usr/share/texlive/texmf-dist/tex/latex/oberdiek/grfext.sty
Package: grfext 2016/05/16 v1.2 Manage graphics extensions (HO)
)
Package epstopdf-base Info: Redefining graphics rule for `.eps' on input line 4
38.
Package grfext Info: Graphics extension search list:
(grfext)             [.png,.pdf,.jpg,.mps,.jpeg,.jbig2,.jb2,.PNG,.PDF,.JPG,.JPE
G,.JBIG2,.JB2,.eps]
(grfext)             \AppendGraphicsExtensions on input line 456.

(/usr/share/texlive/texmf-dist/tex/latex/latexconfig/epstopdf-sys.cfg
File: epstopdf-sys.cfg 2010/07/13 v1.3 Configuration of (r)epstopdf for TeX Liv
e
))
*geometry* driver: auto-detecting
*geometry* detected driver: pdftex
*geometry* verbose mode - [ preamble ] result:
* driver: pdftex
* paper: letterpaper
* layout: <same size as paper>
* layoutoffset:(h,v)=(0.0pt,0.0pt)
* modes: 
* h-part:(L,W,R)=(92.14519pt, 430.00462pt, 92.14519pt)
* v-part:(T,H,B)=(95.39737pt, 556.47656pt, 143.09605pt)
* \paperwidth=614.295pt
* \paperheight=794.96999pt
* \textwidth=484.33705pt
* \textheight=675.18394pt
* \oddsidemargin=56.9055pt
* \evensidemargin=56.9055pt
* \topmargin=28.45274pt
* \headheight=14.22636pt
* \headsep=28.45274pt
* \topskip=12.0pt
* \footskip=28.45274pt
* \marginparwidth=44.0pt
* \marginparsep=10.0pt
* \columnsep=10.0pt
* \skip\footins=10.8pt plus 4.0pt minus 2.0pt
* \hoffset=-72.26999pt
* \voffset=-72.26999pt
* \mag=1000
* \@twocolumnfalse
* \@twosidefalse
* \@mparswitchfalse
* \@reversemarginfalse
* (1in=72.27pt=25.4mm, 1cm=28.453pt)

Package caption Info: Begin \AtBeginDocument code.
Package caption Info: listings package is loaded.
Package caption Info: End \AtBeginDocument code.
\c@lstlisting=\count146
(/usr/share/texlive/texmf-dist/tex/latex/ucs/data/uni-0.def
File: uni-0.def 2013/05/13 UCS: Unicode data U+0000..U+00FF
)
Package babel Info: Redefining spanish shorthand <<
(babel)             in language append on input line 101.
Package babel Info: Redefining spanish shorthand >>
(babel)             in language append on input line 101.
Package babel Info: Redefining spanish shorthand "=
(babel)             in language append on input line 101.
Package babel Info: Redefining spanish shorthand "~
(babel)             in language append on input line 101.
Package babel Info: Redefining spanish shorthand "!
(babel)             in language append on input line 101.
Package babel Info: Redefining spanish shorthand "?
(babel)             in language append on input line 101.
Package babel Info: Redefining spanish shorthand <<
(babel)             in language append on input line 101.
Package babel Info: Redefining spanish shorthand >>
(babel)             in language append on input line 101.
Package babel Info: Redefining spanish shorthand "=
(babel)             in language append on input line 101.
Package babel Info: Redefining spanish shorthand "~
(babel)             in language append on input line 101.
Package babel Info: Redefining spanish shorthand "!
(babel)             in language append on input line 101.
Package babel Info: Redefining spanish shorthand "?
(babel)             in language append on input line 101.
 [1

{/var/lib/texmf/fonts/map/pdftex/updmap/pdftex.map}]
Package babel Info: Redefining spanish shorthand <<
(babel)             in language append on input line 103.
Package babel Info: Redefining spanish shorthand >>
(babel)             in language append on input line 103.
Package babel Info: Redefining spanish shorthand "=
(babel)             in language append on input line 103.
Package babel Info: Redefining spanish shorthand "~
(babel)             in language append on input line 103.
Package babel Info: Redefining spanish shorthand "!
(babel)             in language append on input line 103.
Package babel Info: Redefining spanish shorthand "?
(babel)             in language append on input line 103.


Package Fancyhdr Warning: \headheight is too small (14.22636pt): 
 Make it at least 14.49998pt.
 We now make it that large for the rest of the document.
 This may cause the page layout to be inconsistent, however.

Package babel Info: Redefining spanish shorthand <<
(babel)             in language append on input line 127.
Package babel Info: Redefining spanish shorthand >>
(babel)             in language append on input line 127.
Package babel Info: Redefining spanish shorthand "=
(babel)             in language append on input line 127.
Package babel Info: Redefining spanish shorthand "~
(babel)             in language append on input line 127.
Package babel Info: Redefining spanish shorthand "!
(babel)             in language append on input line 127.
Package babel Info: Redefining spanish shorthand "?
(babel)             in language append on input line 127.
Package babel Info: Redefining spanish shorthand <<
(babel)             in language append on input line 127.
Package babel Info: Redefining spanish shorthand >>
(babel)             in language append on input line 127.
Package babel Info: Redefining spanish shorthand "=
(babel)             in language append on input line 127.
Package babel Info: Redefining spanish shorthand "~
(babel)             in language append on input line 127.
Package babel Info: Redefining spanish shorthand "!
(babel)             in language append on input line 127.
Package babel Info: Redefining spanish shorthand "?
(babel)             in language append on input line 127.
pdfTeX warning (ext4): destination with the same identifier (name{page.1}) has 
been already used, duplicate ignored
<to be read again> 
                   \relax 
l.127 
       [1]
Package babel Info: Redefining spanish shorthand <<
(babel)             in language append on input line 128.
Package babel Info: Redefining spanish shorthand >>
(babel)             in language append on input line 128.
Package babel Info: Redefining spanish shorthand "=
(babel)             in language append on input line 128.
Package babel Info: Redefining spanish shorthand "~
(babel)             in language append on input line 128.
Package babel Info: Redefining spanish shorthand "!
(babel)             in language append on input line 128.
Package babel Info: Redefining spanish shorthand "?
(babel)             in language append on input line 128.
Package babel Info: Redefining spanish shorthand <<
(babel)             in language append on input line 160.
Package babel Info: Redefining spanish shorthand >>
(babel)             in language append on input line 160.
Package babel Info: Redefining spanish shorthand "=
(babel)             in language append on input line 160.
Package babel Info: Redefining spanish shorthand "~
(babel)             in language append on input line 160.
Package babel Info: Redefining spanish shorthand "!
(babel)             in language append on input line 160.
Package babel Info: Redefining spanish shorthand "?
(babel)             in language append on input line 160.
Package babel Info: Redefining spanish shorthand <<
(babel)             in language append on input line 160.
Package babel Info: Redefining spanish shorthand >>
(babel)             in language append on input line 160.
Package babel Info: Redefining spanish shorthand "=
(babel)             in language append on input line 160.
Package babel Info: Redefining spanish shorthand "~
(babel)             in language append on input line 160.
Package babel Info: Redefining spanish shorthand "!
(babel)             in language append on input line 160.
Package babel Info: Redefining spanish shorthand "?
(babel)             in language append on input line 160.
 [2]
Package babel Info: Redefining spanish shorthand <<
(babel)             in language append on input line 162.
Package babel Info: Redefining spanish shorthand >>
(babel)             in language append on input line 162.
Package babel Info: Redefining spanish shorthand "=
(babel)             in language append on input line 162.
Package babel Info: Redefining spanish shorthand "~
(babel)             in language append on input line 162.
Package babel Info: Redefining spanish shorthand "!
(babel)             in language append on input line 162.
Package babel Info: Redefining spanish shorthand "?
(babel)             in language append on input line 162.
Package babel Info: Redefining spanish shorthand <<
(babel)             in language append on input line 224.
Package babel Info: Redefining spanish shorthand >>
(babel)             in language append on input line 224.
Package babel Info: Redefining spanish shorthand "=
(babel)             in language append on input line 224.
Package babel Info: Redefining spanish shorthand "~
(babel)             in language append on input line 224.
Package babel Info: Redefining spanish shorthand "!
(babel)             in language append on input line 224.
Package babel Info: Redefining spanish shorthand "?
(babel)             in language append on input line 224.
Package babel Info: Redefining spanish shorthand <<
(babel)             in language append on input line 224.
Package babel Info: Redefining spanish shorthand >>
(babel)             in language append on input line 224.
Package babel Info: Redefining spanish shorthand "=
(babel)             in language append on input line 224.
Package babel Info: Redefining spanish shorthand "~
(babel)             in language append on input line 224.
Package babel Info: Redefining spanish shorthand "!
(babel)             in language append on input line 224.
Package babel Info: Redefining spanish shorthand "?
(babel)             in language append on input line 224.
 [3]
Package babel Info: Redefining spanish shorthand <<
(babel)             in language append on input line 255.
Package babel Info: Redefining spanish shorthand >>
(babel)             in language append on input line 255.
Package babel Info: Redefining spanish shorthand "=
(babel)             in language append on input line 255.
Package babel Info: Redefining spanish shorthand "~
(babel)             in language append on input line 255.
Package babel Info: Redefining spanish shorthand "!
(babel)             in language append on input line 255.
Package babel Info: Redefining spanish shorthand "?
(babel)             in language append on input line 255.
Package babel Info: Redefining spanish shorthand <<
(babel)             in language append on input line 255.
Package babel Info: Redefining spanish shorthand >>
(babel)             in language append on input line 255.
Package babel Info: Redefining spanish shorthand "=
(babel)             in language append on input line 255.
Package babel Info: Redefining spanish shorthand "~
(babel)             in language append on input line 255.
Package babel Info: Redefining spanish shorthand "!
(babel)             in language append on input line 255.
Package babel Info: Redefining spanish shorthand "?
(babel)             in language append on input line 255.
 [4]
Package babel Info: Redefining spanish shorthand <<
(babel)             in language append on input line 288.
Package babel Info: Redefining spanish shorthand >>
(babel)             in language append on input line 288.
Package babel Info: Redefining spanish shorthand "=
(babel)             in language append on input line 288.
Package babel Info: Redefining spanish shorthand "~
(babel)             in language append on input line 288.
Package babel Info: Redefining spanish shorthand "!
(babel)             in language append on input line 288.
Package babel Info: Redefining spanish shorthand "?
(babel)             in language append on input line 288.
Package babel Info: Redefining spanish shorthand <<
(babel)             in language append on input line 288.
Package babel Info: Redefining spanish shorthand >>
(babel)             in language append on input line 288.
Package babel Info: Redefining spanish shorthand "=
(babel)             in language append on input line 288.
Package babel Info: Redefining spanish shorthand "~
(babel)             in language append on input line 288.
Package babel Info: Redefining spanish shorthand "!
(babel)             in language append on input line 288.
Package babel Info: Redefining spanish shorthand "?
(babel)             in language append on input line 288.
 [5] <Images/GDR.png, id=109, 782.925pt x 554.07pt>
File: Images/GDR.png Graphic file (type png)

<use Images/GDR.png>
Package pdftex.def Info: Images/GDR.png used on input line 319.
(pdftex.def)             Requested size: 363.25278pt x 257.07344pt.
Package babel Info: Redefining spanish shorthand <<
(babel)             in language append on input line 323.
Package babel Info: Redefining spanish shorthand >>
(babel)             in language append on input line 323.
Package babel Info: Redefining spanish shorthand "=
(babel)             in language append on input line 323.
Package babel Info: Redefining spanish shorthand "~
(babel)             in language append on input line 323.
Package babel Info: Redefining spanish shorthand "!
(babel)             in language append on input line 323.
Package babel Info: Redefining spanish shorthand "?
(babel)             in language append on input line 323.
Package babel Info: Redefining spanish shorthand <<
(babel)             in language append on input line 323.
Package babel Info: Redefining spanish shorthand >>
(babel)             in language append on input line 323.
Package babel Info: Redefining spanish shorthand "=
(babel)             in language append on input line 323.
Package babel Info: Redefining spanish shorthand "~
(babel)             in language append on input line 323.
Package babel Info: Redefining spanish shorthand "!
(babel)             in language append on input line 323.
Package babel Info: Redefining spanish shorthand "?
(babel)             in language append on input line 323.
 [6]
<Images/Comparativo.png, id=124, 803.0pt x 771.88374pt>
File: Images/Comparativo.png Graphic file (type png)

<use Images/Comparativo.png>
Package pdftex.def Info: Images/Comparativo.png used on input line 338.
(pdftex.def)             Requested size: 363.25278pt x 349.18184pt.
Package babel Info: Redefining spanish shorthand <<
(babel)             in language append on input line 342.
Package babel Info: Redefining spanish shorthand >>
(babel)             in language append on input line 342.
Package babel Info: Redefining spanish shorthand "=
(babel)             in language append on input line 342.
Package babel Info: Redefining spanish shorthand "~
(babel)             in language append on input line 342.
Package babel Info: Redefining spanish shorthand "!
(babel)             in language append on input line 342.
Package babel Info: Redefining spanish shorthand "?
(babel)             in language append on input line 342.
Package babel Info: Redefining spanish shorthand <<
(babel)             in language append on input line 342.
Package babel Info: Redefining spanish shorthand >>
(babel)             in language append on input line 342.
Package babel Info: Redefining spanish shorthand "=
(babel)             in language append on input line 342.
Package babel Info: Redefining spanish shorthand "~
(babel)             in language append on input line 342.
Package babel Info: Redefining spanish shorthand "!
(babel)             in language append on input line 342.
Package babel Info: Redefining spanish shorthand "?
(babel)             in language append on input line 342.
 [7 <./Images/GDR.png>]
<Images/a_star.png, id=134, 803.0pt x 771.88374pt>
File: Images/a_star.png Graphic file (type png)
 <use Images/a_star.png>
Package pdftex.def Info: Images/a_star.png used on input line 347.
(pdftex.def)             Requested size: 242.16852pt x 232.78003pt.

<Images/b_star.png, id=135, 803.0pt x 771.88374pt>
File: Images/b_star.png Graphic file (type png)
 <use Images/b_star.png>
Package pdftex.def Info: Images/b_star.png used on input line 353.
(pdftex.def)             Requested size: 242.16852pt x 232.78003pt.
Package babel Info: Redefining spanish shorthand <<
(babel)             in language append on input line 356.
Package babel Info: Redefining spanish shorthand >>
(babel)             in language append on input line 356.
Package babel Info: Redefining spanish shorthand "=
(babel)             in language append on input line 356.
Package babel Info: Redefining spanish shorthand "~
(babel)             in language append on input line 356.
Package babel Info: Redefining spanish shorthand "!
(babel)             in language append on input line 356.
Package babel Info: Redefining spanish shorthand "?
(babel)             in language append on input line 356.
Package babel Info: Redefining spanish shorthand <<
(babel)             in language append on input line 356.
Package babel Info: Redefining spanish shorthand >>
(babel)             in language append on input line 356.
Package babel Info: Redefining spanish shorthand "=
(babel)             in language append on input line 356.
Package babel Info: Redefining spanish shorthand "~
(babel)             in language append on input line 356.
Package babel Info: Redefining spanish shorthand "!
(babel)             in language append on input line 356.
Package babel Info: Redefining spanish shorthand "?
(babel)             in language append on input line 356.

[8 <./Images/Comparativo.png>]
Package babel Info: Redefining spanish shorthand <<
(babel)             in language append on input line 368.
Package babel Info: Redefining spanish shorthand >>
(babel)             in language append on input line 368.
Package babel Info: Redefining spanish shorthand "=
(babel)             in language append on input line 368.
Package babel Info: Redefining spanish shorthand "~
(babel)             in language append on input line 368.
Package babel Info: Redefining spanish shorthand "!
(babel)             in language append on input line 368.
Package babel Info: Redefining spanish shorthand "?
(babel)             in language append on input line 368.
Package babel Info: Redefining spanish shorthand <<
(babel)             in language append on input line 368.
Package babel Info: Redefining spanish shorthand >>
(babel)             in language append on input line 368.
Package babel Info: Redefining spanish shorthand "=
(babel)             in language append on input line 368.
Package babel Info: Redefining spanish shorthand "~
(babel)             in language append on input line 368.
Package babel Info: Redefining spanish shorthand "!
(babel)             in language append on input line 368.
Package babel Info: Redefining spanish shorthand "?
(babel)             in language append on input line 368.
 [9 <./Images/a_star.png> <./Images/b_star.png>]
<Images/ajusteT1.png, id=147, 803.0pt x 771.88374pt>
File: Images/ajusteT1.png Graphic file (type png)
 <use Images/ajusteT1.png>
Package pdftex.def Info: Images/ajusteT1.png used on input line 371.
(pdftex.def)             Requested size: 237.3278pt x 228.12773pt.

<Images/ajusteT74.png, id=148, 803.0pt x 771.88374pt>
File: Images/ajusteT74.png Graphic file (type png)

<use Images/ajusteT74.png>
Package pdftex.def Info: Images/ajusteT74.png used on input line 372.
(pdftex.def)             Requested size: 237.3278pt x 228.12773pt.
Package babel Info: Redefining spanish shorthand <<
(babel)             in language append on input line 385.
Package babel Info: Redefining spanish shorthand >>
(babel)             in language append on input line 385.
Package babel Info: Redefining spanish shorthand "=
(babel)             in language append on input line 385.
Package babel Info: Redefining spanish shorthand "~
(babel)             in language append on input line 385.
Package babel Info: Redefining spanish shorthand "!
(babel)             in language append on input line 385.
Package babel Info: Redefining spanish shorthand "?
(babel)             in language append on input line 385.
Package babel Info: Redefining spanish shorthand <<
(babel)             in language append on input line 385.
Package babel Info: Redefining spanish shorthand >>
(babel)             in language append on input line 385.
Package babel Info: Redefining spanish shorthand "=
(babel)             in language append on input line 385.
Package babel Info: Redefining spanish shorthand "~
(babel)             in language append on input line 385.
Package babel Info: Redefining spanish shorthand "!
(babel)             in language append on input line 385.
Package babel Info: Redefining spanish shorthand "?
(babel)             in language append on input line 385.
 [10 <./Images/ajusteT1.png> <./Images/ajusteT74.png>]
Package babel Info: Redefining spanish shorthand <<
(babel)             in language append on input line 387.
Package babel Info: Redefining spanish shorthand >>
(babel)             in language append on input line 387.
Package babel Info: Redefining spanish shorthand "=
(babel)             in language append on input line 387.
Package babel Info: Redefining spanish shorthand "~
(babel)             in language append on input line 387.
Package babel Info: Redefining spanish shorthand "!
(babel)             in language append on input line 387.
Package babel Info: Redefining spanish shorthand "?
(babel)             in language append on input line 387.
 (./ReporteMC.bbl)
Package atveryend Info: Empty hook `BeforeClearDocument' on input line 399.
Package babel Info: Redefining spanish shorthand <<
(babel)             in language append on input line 399.
Package babel Info: Redefining spanish shorthand >>
(babel)             in language append on input line 399.
Package babel Info: Redefining spanish shorthand "=
(babel)             in language append on input line 399.
Package babel Info: Redefining spanish shorthand "~
(babel)             in language append on input line 399.
Package babel Info: Redefining spanish shorthand "!
(babel)             in language append on input line 399.
Package babel Info: Redefining spanish shorthand "?
(babel)             in language append on input line 399.
Package babel Info: Redefining spanish shorthand <<
(babel)             in language append on input line 399.
Package babel Info: Redefining spanish shorthand >>
(babel)             in language append on input line 399.
Package babel Info: Redefining spanish shorthand "=
(babel)             in language append on input line 399.
Package babel Info: Redefining spanish shorthand "~
(babel)             in language append on input line 399.
Package babel Info: Redefining spanish shorthand "!
(babel)             in language append on input line 399.
Package babel Info: Redefining spanish shorthand "?
(babel)             in language append on input line 399.
 [11]
Package atveryend Info: Empty hook `AfterLastShipout' on input line 399.
 (./ReporteMC.aux
LaTeX Info: Redefining \. on input line 23.
LaTeX Info: Redefining \% on input line 23.
)
Package atveryend Info: Executing hook `AtVeryEndDocument' on input line 399.
Package atveryend Info: Executing hook `AtEndAfterFileList' on input line 399.
Package rerunfilecheck Info: File `ReporteMC.out' has not changed.
(rerunfilecheck)             Checksum: 1856BD760673BFF559E95932568B0099;180.
Package atveryend Info: Empty hook `AtVeryVeryEnd' on input line 399.
 ) 
Here is how much of TeX's memory you used:
 12000 strings out of 494842
 173203 string characters out of 6178079
 322466 words of memory out of 5000000
 15090 multiletter control sequences out of 15000+600000
 10276 words of font info for 36 fonts, out of 8000000 for 9000
 62 hyphenation exceptions out of 8191
 39i,13n,58p,471b,567s stack positions out of 5000i,500n,10000p,200000b,80000s
</usr/share/texlive/texmf-dist/fonts/type1/public/amsfonts/cm/cmbx12.pfb></us
r/share/texlive/texmf-dist/fonts/type1/public/amsfonts/cm/cmex10.pfb></usr/shar
e/texlive/texmf-dist/fonts/type1/public/amsfonts/cm/cmmi12.pfb></usr/share/texl
ive/texmf-dist/fonts/type1/public/amsfonts/cm/cmmi6.pfb></usr/share/texlive/tex
mf-dist/fonts/type1/public/amsfonts/cm/cmmi8.pfb></usr/share/texlive/texmf-dist
/fonts/type1/public/amsfonts/cm/cmr12.pfb></usr/share/texlive/texmf-dist/fonts/
type1/public/amsfonts/cm/cmr17.pfb></usr/share/texlive/texmf-dist/fonts/type1/p
ublic/amsfonts/cm/cmr6.pfb></usr/share/texlive/texmf-dist/fonts/type1/public/am
sfonts/cm/cmr8.pfb></usr/share/texlive/texmf-dist/fonts/type1/public/amsfonts/c
m/cmsy10.pfb></usr/share/texlive/texmf-dist/fonts/type1/public/amsfonts/cm/cmsy
6.pfb></usr/share/texlive/texmf-dist/fonts/type1/public/amsfonts/cm/cmsy8.pfb><
/usr/share/texlive/texmf-dist/fonts/type1/public/amsfonts/cm/cmti12.pfb>
Output written on ReporteMC.pdf (12 pages, 262007 bytes).
PDF statistics:
 217 PDF objects out of 1000 (max. 8388607)
 182 compressed objects within 2 object streams
 60 named destinations out of 1000 (max. 500000)
 63 words of extra memory for PDF output out of 10000 (max. 10000000)

