This is pdfTeX, Version 3.14159265-2.6-1.40.17 (TeX Live 2016/Debian) (preloaded format=pdflatex 2018.1.22)  28 MAY 2018 09:20
entering extended mode
 restricted \write18 enabled.
 %&-line parsing enabled.
**Coments.tex
(./Coments.tex
LaTeX2e <2017/01/01> patch level 3
Babel <3.9r> and hyphenation patterns for 8 language(s) loaded.
(/usr/share/texlive/texmf-dist/tex/latex/base/article.cls
Document Class: article 2014/09/29 v1.4h Standard LaTeX document class
(/usr/share/texlive/texmf-dist/tex/latex/base/size12.clo
File: size12.clo 2014/09/29 v1.4h Standard LaTeX file (size option)
)
\c@part=\count79
\c@section=\count80
\c@subsection=\count81
\c@subsubsection=\count82
\c@paragraph=\count83
\c@subparagraph=\count84
\c@figure=\count85
\c@table=\count86
\abovecaptionskip=\skip41
\belowcaptionskip=\skip42
\bibindent=\dimen102
)
(/usr/share/texlive/texmf-dist/tex/generic/babel/babel.sty
Package: babel 2016/04/23 3.9r The Babel package

(/usr/share/texlive/texmf-dist/tex/generic/babel-spanish/spanish.ldf
Language: spanish.ldf 2016/03/03 v5.0p Spanish support from the babel system

(/usr/share/texlive/texmf-dist/tex/generic/babel/babel.def
File: babel.def 2016/04/23 3.9r Babel common definitions
\babel@savecnt=\count87
\U@D=\dimen103
)
\es@quottoks=\toks14
\es@quotdepth=\count88
Package babel Info: Making " an active character on input line 561.
Package babel Info: Making < an active character on input line 707.
Package babel Info: Making > an active character on input line 707.
))
(/usr/share/texlive/texmf-dist/tex/latex/base/inputenc.sty
Package: inputenc 2015/03/17 v1.2c Input encoding file
\inpenc@prehook=\toks15
\inpenc@posthook=\toks16

(/usr/share/texlive/texmf-dist/tex/latex/base/utf8.def
File: utf8.def 2017/01/28 v1.1t UTF-8 support for inputenc
Now handling font encoding OML ...
... no UTF-8 mapping file for font encoding OML
Now handling font encoding T1 ...
... processing UTF-8 mapping file for font encoding T1

(/usr/share/texlive/texmf-dist/tex/latex/base/t1enc.dfu
File: t1enc.dfu 2017/01/28 v1.1t UTF-8 support for inputenc
   defining Unicode char U+00A0 (decimal 160)
   defining Unicode char U+00A1 (decimal 161)
   defining Unicode char U+00A3 (decimal 163)
   defining Unicode char U+00AB (decimal 171)
   defining Unicode char U+00AD (decimal 173)
   defining Unicode char U+00BB (decimal 187)
   defining Unicode char U+00BF (decimal 191)
   defining Unicode char U+00C0 (decimal 192)
   defining Unicode char U+00C1 (decimal 193)
   defining Unicode char U+00C2 (decimal 194)
   defining Unicode char U+00C3 (decimal 195)
   defining Unicode char U+00C4 (decimal 196)
   defining Unicode char U+00C5 (decimal 197)
   defining Unicode char U+00C6 (decimal 198)
   defining Unicode char U+00C7 (decimal 199)
   defining Unicode char U+00C8 (decimal 200)
   defining Unicode char U+00C9 (decimal 201)
   defining Unicode char U+00CA (decimal 202)
   defining Unicode char U+00CB (decimal 203)
   defining Unicode char U+00CC (decimal 204)
   defining Unicode char U+00CD (decimal 205)
   defining Unicode char U+00CE (decimal 206)
   defining Unicode char U+00CF (decimal 207)
   defining Unicode char U+00D0 (decimal 208)
   defining Unicode char U+00D1 (decimal 209)
   defining Unicode char U+00D2 (decimal 210)
   defining Unicode char U+00D3 (decimal 211)
   defining Unicode char U+00D4 (decimal 212)
   defining Unicode char U+00D5 (decimal 213)
   defining Unicode char U+00D6 (decimal 214)
   defining Unicode char U+00D8 (decimal 216)
   defining Unicode char U+00D9 (decimal 217)
   defining Unicode char U+00DA (decimal 218)
   defining Unicode char U+00DB (decimal 219)
   defining Unicode char U+00DC (decimal 220)
   defining Unicode char U+00DD (decimal 221)
   defining Unicode char U+00DE (decimal 222)
   defining Unicode char U+00DF (decimal 223)
   defining Unicode char U+00E0 (decimal 224)
   defining Unicode char U+00E1 (decimal 225)
   defining Unicode char U+00E2 (decimal 226)
   defining Unicode char U+00E3 (decimal 227)
   defining Unicode char U+00E4 (decimal 228)
   defining Unicode char U+00E5 (decimal 229)
   defining Unicode char U+00E6 (decimal 230)
   defining Unicode char U+00E7 (decimal 231)
   defining Unicode char U+00E8 (decimal 232)
   defining Unicode char U+00E9 (decimal 233)
   defining Unicode char U+00EA (decimal 234)
   defining Unicode char U+00EB (decimal 235)
   defining Unicode char U+00EC (decimal 236)
   defining Unicode char U+00ED (decimal 237)
   defining Unicode char U+00EE (decimal 238)
   defining Unicode char U+00EF (decimal 239)
   defining Unicode char U+00F0 (decimal 240)
   defining Unicode char U+00F1 (decimal 241)
   defining Unicode char U+00F2 (decimal 242)
   defining Unicode char U+00F3 (decimal 243)
   defining Unicode char U+00F4 (decimal 244)
   defining Unicode char U+00F5 (decimal 245)
   defining Unicode char U+00F6 (decimal 246)
   defining Unicode char U+00F8 (decimal 248)
   defining Unicode char U+00F9 (decimal 249)
   defining Unicode char U+00FA (decimal 250)
   defining Unicode char U+00FB (decimal 251)
   defining Unicode char U+00FC (decimal 252)
   defining Unicode char U+00FD (decimal 253)
   defining Unicode char U+00FE (decimal 254)
   defining Unicode char U+00FF (decimal 255)
   defining Unicode char U+0100 (decimal 256)
   defining Unicode char U+0101 (decimal 257)
   defining Unicode char U+0102 (decimal 258)
   defining Unicode char U+0103 (decimal 259)
   defining Unicode char U+0104 (decimal 260)
   defining Unicode char U+0105 (decimal 261)
   defining Unicode char U+0106 (decimal 262)
   defining Unicode char U+0107 (decimal 263)
   defining Unicode char U+0108 (decimal 264)
   defining Unicode char U+0109 (decimal 265)
   defining Unicode char U+010A (decimal 266)
   defining Unicode char U+010B (decimal 267)
   defining Unicode char U+010C (decimal 268)
   defining Unicode char U+010D (decimal 269)
   defining Unicode char U+010E (decimal 270)
   defining Unicode char U+010F (decimal 271)
   defining Unicode char U+0110 (decimal 272)
   defining Unicode char U+0111 (decimal 273)
   defining Unicode char U+0112 (decimal 274)
   defining Unicode char U+0113 (decimal 275)
   defining Unicode char U+0114 (decimal 276)
   defining Unicode char U+0115 (decimal 277)
   defining Unicode char U+0116 (decimal 278)
   defining Unicode char U+0117 (decimal 279)
   defining Unicode char U+0118 (decimal 280)
   defining Unicode char U+0119 (decimal 281)
   defining Unicode char U+011A (decimal 282)
   defining Unicode char U+011B (decimal 283)
   defining Unicode char U+011C (decimal 284)
   defining Unicode char U+011D (decimal 285)
   defining Unicode char U+011E (decimal 286)
   defining Unicode char U+011F (decimal 287)
   defining Unicode char U+0120 (decimal 288)
   defining Unicode char U+0121 (decimal 289)
   defining Unicode char U+0122 (decimal 290)
   defining Unicode char U+0123 (decimal 291)
   defining Unicode char U+0124 (decimal 292)
   defining Unicode char U+0125 (decimal 293)
   defining Unicode char U+0128 (decimal 296)
   defining Unicode char U+0129 (decimal 297)
   defining Unicode char U+012A (decimal 298)
   defining Unicode char U+012B (decimal 299)
   defining Unicode char U+012C (decimal 300)
   defining Unicode char U+012D (decimal 301)
   defining Unicode char U+012E (decimal 302)
   defining Unicode char U+012F (decimal 303)
   defining Unicode char U+0130 (decimal 304)
   defining Unicode char U+0131 (decimal 305)
   defining Unicode char U+0132 (decimal 306)
   defining Unicode char U+0133 (decimal 307)
   defining Unicode char U+0134 (decimal 308)
   defining Unicode char U+0135 (decimal 309)
   defining Unicode char U+0136 (decimal 310)
   defining Unicode char U+0137 (decimal 311)
   defining Unicode char U+0139 (decimal 313)
   defining Unicode char U+013A (decimal 314)
   defining Unicode char U+013B (decimal 315)
   defining Unicode char U+013C (decimal 316)
   defining Unicode char U+013D (decimal 317)
   defining Unicode char U+013E (decimal 318)
   defining Unicode char U+0141 (decimal 321)
   defining Unicode char U+0142 (decimal 322)
   defining Unicode char U+0143 (decimal 323)
   defining Unicode char U+0144 (decimal 324)
   defining Unicode char U+0145 (decimal 325)
   defining Unicode char U+0146 (decimal 326)
   defining Unicode char U+0147 (decimal 327)
   defining Unicode char U+0148 (decimal 328)
   defining Unicode char U+014A (decimal 330)
   defining Unicode char U+014B (decimal 331)
   defining Unicode char U+014C (decimal 332)
   defining Unicode char U+014D (decimal 333)
   defining Unicode char U+014E (decimal 334)
   defining Unicode char U+014F (decimal 335)
   defining Unicode char U+0150 (decimal 336)
   defining Unicode char U+0151 (decimal 337)
   defining Unicode char U+0152 (decimal 338)
   defining Unicode char U+0153 (decimal 339)
   defining Unicode char U+0154 (decimal 340)
   defining Unicode char U+0155 (decimal 341)
   defining Unicode char U+0156 (decimal 342)
   defining Unicode char U+0157 (decimal 343)
   defining Unicode char U+0158 (decimal 344)
   defining Unicode char U+0159 (decimal 345)
   defining Unicode char U+015A (decimal 346)
   defining Unicode char U+015B (decimal 347)
   defining Unicode char U+015C (decimal 348)
   defining Unicode char U+015D (decimal 349)
   defining Unicode char U+015E (decimal 350)
   defining Unicode char U+015F (decimal 351)
   defining Unicode char U+0160 (decimal 352)
   defining Unicode char U+0161 (decimal 353)
   defining Unicode char U+0162 (decimal 354)
   defining Unicode char U+0163 (decimal 355)
   defining Unicode char U+0164 (decimal 356)
   defining Unicode char U+0165 (decimal 357)
   defining Unicode char U+0168 (decimal 360)
   defining Unicode char U+0169 (decimal 361)
   defining Unicode char U+016A (decimal 362)
   defining Unicode char U+016B (decimal 363)
   defining Unicode char U+016C (decimal 364)
   defining Unicode char U+016D (decimal 365)
   defining Unicode char U+016E (decimal 366)
   defining Unicode char U+016F (decimal 367)
   defining Unicode char U+0170 (decimal 368)
   defining Unicode char U+0171 (decimal 369)
   defining Unicode char U+0172 (decimal 370)
   defining Unicode char U+0173 (decimal 371)
   defining Unicode char U+0174 (decimal 372)
   defining Unicode char U+0175 (decimal 373)
   defining Unicode char U+0176 (decimal 374)
   defining Unicode char U+0177 (decimal 375)
   defining Unicode char U+0178 (decimal 376)
   defining Unicode char U+0179 (decimal 377)
   defining Unicode char U+017A (decimal 378)
   defining Unicode char U+017B (decimal 379)
   defining Unicode char U+017C (decimal 380)
   defining Unicode char U+017D (decimal 381)
   defining Unicode char U+017E (decimal 382)
   defining Unicode char U+01CD (decimal 461)
   defining Unicode char U+01CE (decimal 462)
   defining Unicode char U+01CF (decimal 463)
   defining Unicode char U+01D0 (decimal 464)
   defining Unicode char U+01D1 (decimal 465)
   defining Unicode char U+01D2 (decimal 466)
   defining Unicode char U+01D3 (decimal 467)
   defining Unicode char U+01D4 (decimal 468)
   defining Unicode char U+01E2 (decimal 482)
   defining Unicode char U+01E3 (decimal 483)
   defining Unicode char U+01E6 (decimal 486)
   defining Unicode char U+01E7 (decimal 487)
   defining Unicode char U+01E8 (decimal 488)
   defining Unicode char U+01E9 (decimal 489)
   defining Unicode char U+01EA (decimal 490)
   defining Unicode char U+01EB (decimal 491)
   defining Unicode char U+01F0 (decimal 496)
   defining Unicode char U+01F4 (decimal 500)
   defining Unicode char U+01F5 (decimal 501)
   defining Unicode char U+0218 (decimal 536)
   defining Unicode char U+0219 (decimal 537)
   defining Unicode char U+021A (decimal 538)
   defining Unicode char U+021B (decimal 539)
   defining Unicode char U+0232 (decimal 562)
   defining Unicode char U+0233 (decimal 563)
   defining Unicode char U+1E02 (decimal 7682)
   defining Unicode char U+1E03 (decimal 7683)
   defining Unicode char U+200C (decimal 8204)
   defining Unicode char U+2010 (decimal 8208)
   defining Unicode char U+2011 (decimal 8209)
   defining Unicode char U+2012 (decimal 8210)
   defining Unicode char U+2013 (decimal 8211)
   defining Unicode char U+2014 (decimal 8212)
   defining Unicode char U+2015 (decimal 8213)
   defining Unicode char U+2018 (decimal 8216)
   defining Unicode char U+2019 (decimal 8217)
   defining Unicode char U+201A (decimal 8218)
   defining Unicode char U+201C (decimal 8220)
   defining Unicode char U+201D (decimal 8221)
   defining Unicode char U+201E (decimal 8222)
   defining Unicode char U+2030 (decimal 8240)
   defining Unicode char U+2031 (decimal 8241)
   defining Unicode char U+2039 (decimal 8249)
   defining Unicode char U+203A (decimal 8250)
   defining Unicode char U+2423 (decimal 9251)
   defining Unicode char U+1E20 (decimal 7712)
   defining Unicode char U+1E21 (decimal 7713)
)
Now handling font encoding OT1 ...
... processing UTF-8 mapping file for font encoding OT1

(/usr/share/texlive/texmf-dist/tex/latex/base/ot1enc.dfu
File: ot1enc.dfu 2017/01/28 v1.1t UTF-8 support for inputenc
   defining Unicode char U+00A0 (decimal 160)
   defining Unicode char U+00A1 (decimal 161)
   defining Unicode char U+00A3 (decimal 163)
   defining Unicode char U+00AD (decimal 173)
   defining Unicode char U+00B8 (decimal 184)
   defining Unicode char U+00BF (decimal 191)
   defining Unicode char U+00C5 (decimal 197)
   defining Unicode char U+00C6 (decimal 198)
   defining Unicode char U+00D8 (decimal 216)
   defining Unicode char U+00DF (decimal 223)
   defining Unicode char U+00E6 (decimal 230)
   defining Unicode char U+00EC (decimal 236)
   defining Unicode char U+00ED (decimal 237)
   defining Unicode char U+00EE (decimal 238)
   defining Unicode char U+00EF (decimal 239)
   defining Unicode char U+00F8 (decimal 248)
   defining Unicode char U+0131 (decimal 305)
   defining Unicode char U+0141 (decimal 321)
   defining Unicode char U+0142 (decimal 322)
   defining Unicode char U+0152 (decimal 338)
   defining Unicode char U+0153 (decimal 339)
   defining Unicode char U+0174 (decimal 372)
   defining Unicode char U+0175 (decimal 373)
   defining Unicode char U+0176 (decimal 374)
   defining Unicode char U+0177 (decimal 375)
   defining Unicode char U+0218 (decimal 536)
   defining Unicode char U+0219 (decimal 537)
   defining Unicode char U+021A (decimal 538)
   defining Unicode char U+021B (decimal 539)
   defining Unicode char U+2013 (decimal 8211)
   defining Unicode char U+2014 (decimal 8212)
   defining Unicode char U+2018 (decimal 8216)
   defining Unicode char U+2019 (decimal 8217)
   defining Unicode char U+201C (decimal 8220)
   defining Unicode char U+201D (decimal 8221)
)
Now handling font encoding OMS ...
... processing UTF-8 mapping file for font encoding OMS

(/usr/share/texlive/texmf-dist/tex/latex/base/omsenc.dfu
File: omsenc.dfu 2017/01/28 v1.1t UTF-8 support for inputenc
   defining Unicode char U+00A7 (decimal 167)
   defining Unicode char U+00B6 (decimal 182)
   defining Unicode char U+00B7 (decimal 183)
   defining Unicode char U+2020 (decimal 8224)
   defining Unicode char U+2021 (decimal 8225)
   defining Unicode char U+2022 (decimal 8226)
)
Now handling font encoding OMX ...
... no UTF-8 mapping file for font encoding OMX
Now handling font encoding U ...
... no UTF-8 mapping file for font encoding U
   defining Unicode char U+00A9 (decimal 169)
   defining Unicode char U+00AA (decimal 170)
   defining Unicode char U+00AE (decimal 174)
   defining Unicode char U+00BA (decimal 186)
   defining Unicode char U+02C6 (decimal 710)
   defining Unicode char U+02DC (decimal 732)
   defining Unicode char U+200C (decimal 8204)
   defining Unicode char U+2026 (decimal 8230)
   defining Unicode char U+2122 (decimal 8482)
   defining Unicode char U+2423 (decimal 9251)
))
(/usr/share/texlive/texmf-dist/tex/latex/amsmath/amsmath.sty
Package: amsmath 2016/11/05 v2.16a AMS math features
\@mathmargin=\skip43

For additional information on amsmath, use the `?' option.
(/usr/share/texlive/texmf-dist/tex/latex/amsmath/amstext.sty
Package: amstext 2000/06/29 v2.01 AMS text

(/usr/share/texlive/texmf-dist/tex/latex/amsmath/amsgen.sty
File: amsgen.sty 1999/11/30 v2.0 generic functions
\@emptytoks=\toks17
\ex@=\dimen104
))
(/usr/share/texlive/texmf-dist/tex/latex/amsmath/amsbsy.sty
Package: amsbsy 1999/11/29 v1.2d Bold Symbols
\pmbraise@=\dimen105
)
(/usr/share/texlive/texmf-dist/tex/latex/amsmath/amsopn.sty
Package: amsopn 2016/03/08 v2.02 operator names
)
\inf@bad=\count89
LaTeX Info: Redefining \frac on input line 213.
\uproot@=\count90
\leftroot@=\count91
LaTeX Info: Redefining \overline on input line 375.
\classnum@=\count92
\DOTSCASE@=\count93
LaTeX Info: Redefining \ldots on input line 472.
LaTeX Info: Redefining \dots on input line 475.
LaTeX Info: Redefining \cdots on input line 596.
\Mathstrutbox@=\box26
\strutbox@=\box27
\big@size=\dimen106
LaTeX Font Info:    Redeclaring font encoding OML on input line 712.
LaTeX Font Info:    Redeclaring font encoding OMS on input line 713.
\macc@depth=\count94
\c@MaxMatrixCols=\count95
\dotsspace@=\muskip10
\c@parentequation=\count96
\dspbrk@lvl=\count97
\tag@help=\toks18
\row@=\count98
\column@=\count99
\maxfields@=\count100
\andhelp@=\toks19
\eqnshift@=\dimen107
\alignsep@=\dimen108
\tagshift@=\dimen109
\tagwidth@=\dimen110
\totwidth@=\dimen111
\lineht@=\dimen112
\@envbody=\toks20
\multlinegap=\skip44
\multlinetaggap=\skip45
\mathdisplay@stack=\toks21
LaTeX Info: Redefining \[ on input line 2817.
LaTeX Info: Redefining \] on input line 2818.
)
(/usr/share/texlive/texmf-dist/tex/latex/hyperref/hyperref.sty
Package: hyperref 2016/06/24 v6.83q Hypertext links for LaTeX

(/usr/share/texlive/texmf-dist/tex/generic/oberdiek/hobsub-hyperref.sty
Package: hobsub-hyperref 2016/05/16 v1.14 Bundle oberdiek, subset hyperref (HO)


(/usr/share/texlive/texmf-dist/tex/generic/oberdiek/hobsub-generic.sty
Package: hobsub-generic 2016/05/16 v1.14 Bundle oberdiek, subset generic (HO)
Package: hobsub 2016/05/16 v1.14 Construct package bundles (HO)
Package: infwarerr 2016/05/16 v1.4 Providing info/warning/error messages (HO)
Package: ltxcmds 2016/05/16 v1.23 LaTeX kernel commands for general use (HO)
Package: ifluatex 2016/05/16 v1.4 Provides the ifluatex switch (HO)
Package ifluatex Info: LuaTeX not detected.
Package: ifvtex 2016/05/16 v1.6 Detect VTeX and its facilities (HO)
Package ifvtex Info: VTeX not detected.
Package: intcalc 2016/05/16 v1.2 Expandable calculations with integers (HO)
Package: ifpdf 2016/05/14 v3.1 Provides the ifpdf switch
Package: etexcmds 2016/05/16 v1.6 Avoid name clashes with e-TeX commands (HO)
Package etexcmds Info: Could not find \expanded.
(etexcmds)             That can mean that you are not using pdfTeX 1.50 or
(etexcmds)             that some package has redefined \expanded.
(etexcmds)             In the latter case, load this package earlier.
Package: kvsetkeys 2016/05/16 v1.17 Key value parser (HO)
Package: kvdefinekeys 2016/05/16 v1.4 Define keys (HO)
Package: pdftexcmds 2016/05/21 v0.22 Utility functions of pdfTeX for LuaTeX (HO
)
Package pdftexcmds Info: LuaTeX not detected.
Package pdftexcmds Info: \pdf@primitive is available.
Package pdftexcmds Info: \pdf@ifprimitive is available.
Package pdftexcmds Info: \pdfdraftmode found.
Package: pdfescape 2016/05/16 v1.14 Implements pdfTeX's escape features (HO)
Package: bigintcalc 2016/05/16 v1.4 Expandable calculations on big integers (HO
)
Package: bitset 2016/05/16 v1.2 Handle bit-vector datatype (HO)
Package: uniquecounter 2016/05/16 v1.3 Provide unlimited unique counter (HO)
)
Package hobsub Info: Skipping package `hobsub' (already loaded).
Package: letltxmacro 2016/05/16 v1.5 Let assignment for LaTeX macros (HO)
Package: hopatch 2016/05/16 v1.3 Wrapper for package hooks (HO)
Package: xcolor-patch 2016/05/16 xcolor patch
Package: atveryend 2016/05/16 v1.9 Hooks at the very end of document (HO)
Package atveryend Info: \enddocument detected (standard20110627).
Package: atbegshi 2016/06/09 v1.18 At begin shipout hook (HO)
Package: refcount 2016/05/16 v3.5 Data extraction from label references (HO)
Package: hycolor 2016/05/16 v1.8 Color options for hyperref/bookmark (HO)
)
(/usr/share/texlive/texmf-dist/tex/latex/graphics/keyval.sty
Package: keyval 2014/10/28 v1.15 key=value parser (DPC)
\KV@toks@=\toks22
)
(/usr/share/texlive/texmf-dist/tex/generic/ifxetex/ifxetex.sty
Package: ifxetex 2010/09/12 v0.6 Provides ifxetex conditional
)
(/usr/share/texlive/texmf-dist/tex/latex/oberdiek/auxhook.sty
Package: auxhook 2016/05/16 v1.4 Hooks for auxiliary files (HO)
)
(/usr/share/texlive/texmf-dist/tex/latex/oberdiek/kvoptions.sty
Package: kvoptions 2016/05/16 v3.12 Key value format for package options (HO)
)
\@linkdim=\dimen113
\Hy@linkcounter=\count101
\Hy@pagecounter=\count102

(/usr/share/texlive/texmf-dist/tex/latex/hyperref/pd1enc.def
File: pd1enc.def 2016/06/24 v6.83q Hyperref: PDFDocEncoding definition (HO)
Now handling font encoding PD1 ...
... no UTF-8 mapping file for font encoding PD1
)
\Hy@SavedSpaceFactor=\count103

(/usr/share/texlive/texmf-dist/tex/latex/latexconfig/hyperref.cfg
File: hyperref.cfg 2002/06/06 v1.2 hyperref configuration of TeXLive
)
Package hyperref Info: Hyper figures OFF on input line 4486.
Package hyperref Info: Link nesting OFF on input line 4491.
Package hyperref Info: Hyper index ON on input line 4494.
Package hyperref Info: Plain pages OFF on input line 4501.
Package hyperref Info: Backreferencing OFF on input line 4506.
Package hyperref Info: Implicit mode ON; LaTeX internals redefined.
Package hyperref Info: Bookmarks ON on input line 4735.
\c@Hy@tempcnt=\count104

(/usr/share/texlive/texmf-dist/tex/latex/url/url.sty
\Urlmuskip=\muskip11
Package: url 2013/09/16  ver 3.4  Verb mode for urls, etc.
)
LaTeX Info: Redefining \url on input line 5088.
\XeTeXLinkMargin=\dimen114
\Fld@menulength=\count105
\Field@Width=\dimen115
\Fld@charsize=\dimen116
Package hyperref Info: Hyper figures OFF on input line 6342.
Package hyperref Info: Link nesting OFF on input line 6347.
Package hyperref Info: Hyper index ON on input line 6350.
Package hyperref Info: backreferencing OFF on input line 6357.
Package hyperref Info: Link coloring OFF on input line 6362.
Package hyperref Info: Link coloring with OCG OFF on input line 6367.
Package hyperref Info: PDF/A mode OFF on input line 6372.
LaTeX Info: Redefining \ref on input line 6412.
LaTeX Info: Redefining \pageref on input line 6416.
\Hy@abspage=\count106
\c@Item=\count107
\c@Hfootnote=\count108
)

Package hyperref Message: Driver (autodetected): hpdftex.

(/usr/share/texlive/texmf-dist/tex/latex/hyperref/hpdftex.def
File: hpdftex.def 2016/06/24 v6.83q Hyperref driver for pdfTeX
\Fld@listcount=\count109
\c@bookmark@seq@number=\count110

(/usr/share/texlive/texmf-dist/tex/latex/oberdiek/rerunfilecheck.sty
Package: rerunfilecheck 2016/05/16 v1.8 Rerun checks for auxiliary files (HO)
Package uniquecounter Info: New unique counter `rerunfilecheck' on input line 2
82.
)
\Hy@SectionHShift=\skip46
)
(/usr/share/texlive/texmf-dist/tex/latex/base/textcomp.sty
Package: textcomp 2017/02/22 v2.0g Standard LaTeX package
Package textcomp Info: Sub-encoding information:
(textcomp)               5 = only ISO-Adobe without \textcurrency
(textcomp)               4 = 5 + \texteuro
(textcomp)               3 = 4 + \textohm
(textcomp)               2 = 3 + \textestimated + \textcurrency
(textcomp)               1 = TS1 - \textcircled - \t
(textcomp)               0 = TS1 (full)
(textcomp)             Font families with sub-encoding setting implement
(textcomp)             only a restricted character set as indicated.
(textcomp)             Family '?' is the default used for unknown fonts.
(textcomp)             See the documentation for details.
Package textcomp Info: Setting ? sub-encoding to TS1/1 on input line 79.

(/usr/share/texlive/texmf-dist/tex/latex/base/ts1enc.def
File: ts1enc.def 2001/06/05 v3.0e (jk/car/fm) Standard LaTeX file
Now handling font encoding TS1 ...
... processing UTF-8 mapping file for font encoding TS1

(/usr/share/texlive/texmf-dist/tex/latex/base/ts1enc.dfu
File: ts1enc.dfu 2017/01/28 v1.1t UTF-8 support for inputenc
   defining Unicode char U+00A2 (decimal 162)
   defining Unicode char U+00A3 (decimal 163)
   defining Unicode char U+00A4 (decimal 164)
   defining Unicode char U+00A5 (decimal 165)
   defining Unicode char U+00A6 (decimal 166)
   defining Unicode char U+00A7 (decimal 167)
   defining Unicode char U+00A8 (decimal 168)
   defining Unicode char U+00A9 (decimal 169)
   defining Unicode char U+00AA (decimal 170)
   defining Unicode char U+00AC (decimal 172)
   defining Unicode char U+00AE (decimal 174)
   defining Unicode char U+00AF (decimal 175)
   defining Unicode char U+00B0 (decimal 176)
   defining Unicode char U+00B1 (decimal 177)
   defining Unicode char U+00B2 (decimal 178)
   defining Unicode char U+00B3 (decimal 179)
   defining Unicode char U+00B4 (decimal 180)
   defining Unicode char U+00B5 (decimal 181)
   defining Unicode char U+00B6 (decimal 182)
   defining Unicode char U+00B7 (decimal 183)
   defining Unicode char U+00B9 (decimal 185)
   defining Unicode char U+00BA (decimal 186)
   defining Unicode char U+00BC (decimal 188)
   defining Unicode char U+00BD (decimal 189)
   defining Unicode char U+00BE (decimal 190)
   defining Unicode char U+00D7 (decimal 215)
   defining Unicode char U+00F7 (decimal 247)
   defining Unicode char U+0192 (decimal 402)
   defining Unicode char U+02C7 (decimal 711)
   defining Unicode char U+02D8 (decimal 728)
   defining Unicode char U+02DD (decimal 733)
   defining Unicode char U+0E3F (decimal 3647)
   defining Unicode char U+2016 (decimal 8214)
   defining Unicode char U+2020 (decimal 8224)
   defining Unicode char U+2021 (decimal 8225)
   defining Unicode char U+2022 (decimal 8226)
   defining Unicode char U+2030 (decimal 8240)
   defining Unicode char U+2031 (decimal 8241)
   defining Unicode char U+203B (decimal 8251)
   defining Unicode char U+203D (decimal 8253)
   defining Unicode char U+2044 (decimal 8260)
   defining Unicode char U+204E (decimal 8270)
   defining Unicode char U+2052 (decimal 8274)
   defining Unicode char U+20A1 (decimal 8353)
   defining Unicode char U+20A4 (decimal 8356)
   defining Unicode char U+20A6 (decimal 8358)
   defining Unicode char U+20A9 (decimal 8361)
   defining Unicode char U+20AB (decimal 8363)
   defining Unicode char U+20AC (decimal 8364)
   defining Unicode char U+20B1 (decimal 8369)
   defining Unicode char U+2103 (decimal 8451)
   defining Unicode char U+2116 (decimal 8470)
   defining Unicode char U+2117 (decimal 8471)
   defining Unicode char U+211E (decimal 8478)
   defining Unicode char U+2120 (decimal 8480)
   defining Unicode char U+2122 (decimal 8482)
   defining Unicode char U+2126 (decimal 8486)
   defining Unicode char U+2127 (decimal 8487)
   defining Unicode char U+212E (decimal 8494)
   defining Unicode char U+2190 (decimal 8592)
   defining Unicode char U+2191 (decimal 8593)
   defining Unicode char U+2192 (decimal 8594)
   defining Unicode char U+2193 (decimal 8595)
   defining Unicode char U+2329 (decimal 9001)
   defining Unicode char U+232A (decimal 9002)
   defining Unicode char U+2422 (decimal 9250)
   defining Unicode char U+25E6 (decimal 9702)
   defining Unicode char U+25EF (decimal 9711)
   defining Unicode char U+266A (decimal 9834)
))
LaTeX Info: Redefining \oldstylenums on input line 334.
Package textcomp Info: Setting cmr sub-encoding to TS1/0 on input line 349.
Package textcomp Info: Setting cmss sub-encoding to TS1/0 on input line 350.
Package textcomp Info: Setting cmtt sub-encoding to TS1/0 on input line 351.
Package textcomp Info: Setting cmvtt sub-encoding to TS1/0 on input line 352.
Package textcomp Info: Setting cmbr sub-encoding to TS1/0 on input line 353.
Package textcomp Info: Setting cmtl sub-encoding to TS1/0 on input line 354.
Package textcomp Info: Setting ccr sub-encoding to TS1/0 on input line 355.
Package textcomp Info: Setting ptm sub-encoding to TS1/4 on input line 356.
Package textcomp Info: Setting pcr sub-encoding to TS1/4 on input line 357.
Package textcomp Info: Setting phv sub-encoding to TS1/4 on input line 358.
Package textcomp Info: Setting ppl sub-encoding to TS1/3 on input line 359.
Package textcomp Info: Setting pag sub-encoding to TS1/4 on input line 360.
Package textcomp Info: Setting pbk sub-encoding to TS1/4 on input line 361.
Package textcomp Info: Setting pnc sub-encoding to TS1/4 on input line 362.
Package textcomp Info: Setting pzc sub-encoding to TS1/4 on input line 363.
Package textcomp Info: Setting bch sub-encoding to TS1/4 on input line 364.
Package textcomp Info: Setting put sub-encoding to TS1/5 on input line 365.
Package textcomp Info: Setting uag sub-encoding to TS1/5 on input line 366.
Package textcomp Info: Setting ugq sub-encoding to TS1/5 on input line 367.
Package textcomp Info: Setting ul8 sub-encoding to TS1/4 on input line 368.
Package textcomp Info: Setting ul9 sub-encoding to TS1/4 on input line 369.
Package textcomp Info: Setting augie sub-encoding to TS1/5 on input line 370.
Package textcomp Info: Setting dayrom sub-encoding to TS1/3 on input line 371.
Package textcomp Info: Setting dayroms sub-encoding to TS1/3 on input line 372.

Package textcomp Info: Setting pxr sub-encoding to TS1/0 on input line 373.
Package textcomp Info: Setting pxss sub-encoding to TS1/0 on input line 374.
Package textcomp Info: Setting pxtt sub-encoding to TS1/0 on input line 375.
Package textcomp Info: Setting txr sub-encoding to TS1/0 on input line 376.
Package textcomp Info: Setting txss sub-encoding to TS1/0 on input line 377.
Package textcomp Info: Setting txtt sub-encoding to TS1/0 on input line 378.
Package textcomp Info: Setting lmr sub-encoding to TS1/0 on input line 379.
Package textcomp Info: Setting lmdh sub-encoding to TS1/0 on input line 380.
Package textcomp Info: Setting lmss sub-encoding to TS1/0 on input line 381.
Package textcomp Info: Setting lmssq sub-encoding to TS1/0 on input line 382.
Package textcomp Info: Setting lmvtt sub-encoding to TS1/0 on input line 383.
Package textcomp Info: Setting lmtt sub-encoding to TS1/0 on input line 384.
Package textcomp Info: Setting qhv sub-encoding to TS1/0 on input line 385.
Package textcomp Info: Setting qag sub-encoding to TS1/0 on input line 386.
Package textcomp Info: Setting qbk sub-encoding to TS1/0 on input line 387.
Package textcomp Info: Setting qcr sub-encoding to TS1/0 on input line 388.
Package textcomp Info: Setting qcs sub-encoding to TS1/0 on input line 389.
Package textcomp Info: Setting qpl sub-encoding to TS1/0 on input line 390.
Package textcomp Info: Setting qtm sub-encoding to TS1/0 on input line 391.
Package textcomp Info: Setting qzc sub-encoding to TS1/0 on input line 392.
Package textcomp Info: Setting qhvc sub-encoding to TS1/0 on input line 393.
Package textcomp Info: Setting futs sub-encoding to TS1/4 on input line 394.
Package textcomp Info: Setting futx sub-encoding to TS1/4 on input line 395.
Package textcomp Info: Setting futj sub-encoding to TS1/4 on input line 396.
Package textcomp Info: Setting hlh sub-encoding to TS1/3 on input line 397.
Package textcomp Info: Setting hls sub-encoding to TS1/3 on input line 398.
Package textcomp Info: Setting hlst sub-encoding to TS1/3 on input line 399.
Package textcomp Info: Setting hlct sub-encoding to TS1/5 on input line 400.
Package textcomp Info: Setting hlx sub-encoding to TS1/5 on input line 401.
Package textcomp Info: Setting hlce sub-encoding to TS1/5 on input line 402.
Package textcomp Info: Setting hlcn sub-encoding to TS1/5 on input line 403.
Package textcomp Info: Setting hlcw sub-encoding to TS1/5 on input line 404.
Package textcomp Info: Setting hlcf sub-encoding to TS1/5 on input line 405.
Package textcomp Info: Setting pplx sub-encoding to TS1/3 on input line 406.
Package textcomp Info: Setting pplj sub-encoding to TS1/3 on input line 407.
Package textcomp Info: Setting ptmx sub-encoding to TS1/4 on input line 408.
Package textcomp Info: Setting ptmj sub-encoding to TS1/4 on input line 409.
)
(/usr/share/texlive/texmf-dist/tex/latex/was/gensymb.sty
Package: gensymb 2003/07/02 v1.0 (WaS)
)
(/usr/share/texlive/texmf-dist/tex/latex/xcolor/xcolor.sty
Package: xcolor 2016/05/11 v2.12 LaTeX color extensions (UK)

(/usr/share/texlive/texmf-dist/tex/latex/graphics-cfg/color.cfg
File: color.cfg 2016/01/02 v1.6 sample color configuration
)
Package xcolor Info: Driver file: pdftex.def on input line 225.

(/usr/share/texlive/texmf-dist/tex/latex/graphics-def/pdftex.def
File: pdftex.def 2017/01/12 v0.06k Graphics/color for pdfTeX
\Gread@gobject=\count111
)
Package xcolor Info: Model `cmy' substituted by `cmy0' on input line 1348.
Package xcolor Info: Model `hsb' substituted by `rgb' on input line 1352.
Package xcolor Info: Model `RGB' extended on input line 1364.
Package xcolor Info: Model `HTML' substituted by `rgb' on input line 1366.
Package xcolor Info: Model `Hsb' substituted by `hsb' on input line 1367.
Package xcolor Info: Model `tHsb' substituted by `hsb' on input line 1368.
Package xcolor Info: Model `HSB' substituted by `hsb' on input line 1369.
Package xcolor Info: Model `Gray' substituted by `gray' on input line 1370.
Package xcolor Info: Model `wave' substituted by `hsb' on input line 1371.

(/usr/share/texlive/texmf-dist/tex/latex/graphics/dvipsnam.def
File: dvipsnam.def 2016/06/17 v3.0m Driver-dependent file (DPC,SPQR)
))
(/usr/share/texlive/texmf-dist/tex/latex/parskip/parskip.sty
Package: parskip 2001/04/09 non-zero parskip adjustments
)
(/usr/share/texlive/texmf-dist/tex/latex/fancyhdr/fancyhdr.sty
Package: fancyhdr 2016/09/06 3.8 Extensive control of page headers and footers
\fancy@headwidth=\skip47
\f@ncyO@elh=\skip48
\f@ncyO@erh=\skip49
\f@ncyO@olh=\skip50
\f@ncyO@orh=\skip51
\f@ncyO@elf=\skip52
\f@ncyO@erf=\skip53
\f@ncyO@olf=\skip54
\f@ncyO@orf=\skip55
)
(/usr/share/texlive/texmf-dist/tex/latex/tools/multicol.sty
Package: multicol 2016/04/07 v1.8p multicolumn formatting (FMi)
\c@tracingmulticols=\count112
\mult@box=\box28
\multicol@leftmargin=\dimen117
\c@unbalance=\count113
\c@collectmore=\count114
\doublecol@number=\count115
\multicoltolerance=\count116
\multicolpretolerance=\count117
\full@width=\dimen118
\page@free=\dimen119
\premulticols=\dimen120
\postmulticols=\dimen121
\multicolsep=\skip56
\multicolbaselineskip=\skip57
\partial@page=\box29
\last@line=\box30
\maxbalancingoverflow=\dimen122
\mult@rightbox=\box31
\mult@grightbox=\box32
\mult@gfirstbox=\box33
\mult@firstbox=\box34
\@tempa=\box35
\@tempa=\box36
\@tempa=\box37
\@tempa=\box38
\@tempa=\box39
\@tempa=\box40
\@tempa=\box41
\@tempa=\box42
\@tempa=\box43
\@tempa=\box44
\@tempa=\box45
\@tempa=\box46
\@tempa=\box47
\@tempa=\box48
\@tempa=\box49
\@tempa=\box50
\@tempa=\box51
\c@columnbadness=\count118
\c@finalcolumnbadness=\count119
\last@try=\dimen123
\multicolovershoot=\dimen124
\multicolundershoot=\dimen125
\mult@nat@firstbox=\box52
\colbreak@box=\box53
\mc@col@check@num=\count120
)
(/usr/share/texlive/texmf-dist/tex/latex/vmargin/vmargin.sty
Package: vmargin 2004/07/15 V2.5 set document margins (VK)

Package: vmargin 2004/07/15 V2.5 set document margins (VK)
\PaperWidth=\dimen126
\PaperHeight=\dimen127
) (/usr/share/texlive/texmf-dist/tex/latex/setspace/setspace.sty
Package: setspace 2011/12/19 v6.7a set line spacing
)
(/usr/share/texlive/texmf-dist/tex/latex/geometry/geometry.sty
Package: geometry 2010/09/12 v5.6 Page Geometry
\Gm@cnth=\count121
\Gm@cntv=\count122
\c@Gm@tempcnt=\count123
\Gm@bindingoffset=\dimen128
\Gm@wd@mp=\dimen129
\Gm@odd@mp=\dimen130
\Gm@even@mp=\dimen131
\Gm@layoutwidth=\dimen132
\Gm@layoutheight=\dimen133
\Gm@layouthoffset=\dimen134
\Gm@layoutvoffset=\dimen135
\Gm@dimlist=\toks23
)
(/usr/share/texlive/texmf-dist/tex/latex/float/float.sty
Package: float 2001/11/08 v1.3d Float enhancements (AL)
\c@float@type=\count124
\float@exts=\toks24
\float@box=\box54
\@float@everytoks=\toks25
\@floatcapt=\box55
)
(/usr/share/texlive/texmf-dist/tex/latex/tools/array.sty
Package: array 2016/10/06 v2.4d Tabular extension package (FMi)
\col@sep=\dimen136
\extrarowheight=\dimen137
\NC@list=\toks26
\extratabsurround=\skip58
\backup@length=\skip59
)
(/usr/share/texlive/texmf-dist/tex/latex/graphics/graphicx.sty
Package: graphicx 2014/10/28 v1.0g Enhanced LaTeX Graphics (DPC,SPQR)

(/usr/share/texlive/texmf-dist/tex/latex/graphics/graphics.sty
Package: graphics 2016/10/09 v1.0u Standard LaTeX Graphics (DPC,SPQR)

(/usr/share/texlive/texmf-dist/tex/latex/graphics/trig.sty
Package: trig 2016/01/03 v1.10 sin cos tan (DPC)
)
(/usr/share/texlive/texmf-dist/tex/latex/graphics-cfg/graphics.cfg
File: graphics.cfg 2016/06/04 v1.11 sample graphics configuration
)
Package graphics Info: Driver file: pdftex.def on input line 99.
)
\Gin@req@height=\dimen138
\Gin@req@width=\dimen139
)
(/usr/share/texlive/texmf-dist/tex/latex/wrapfig/wrapfig.sty
\wrapoverhang=\dimen140
\WF@size=\dimen141
\c@WF@wrappedlines=\count125
\WF@box=\box56
\WF@everypar=\toks27
Package: wrapfig 2003/01/31  v 3.6
)
(/usr/share/texlive/texmf-dist/tex/latex/caption/caption.sty
Package: caption 2016/02/21 v3.3-144 Customizing captions (AR)

(/usr/share/texlive/texmf-dist/tex/latex/caption/caption3.sty
Package: caption3 2016/05/22 v1.7-166 caption3 kernel (AR)
Package caption3 Info: TeX engine: e-TeX on input line 67.
\captionmargin=\dimen142
\captionmargin@=\dimen143
\captionwidth=\dimen144
\caption@tempdima=\dimen145
\caption@indent=\dimen146
\caption@parindent=\dimen147
\caption@hangindent=\dimen148
)
\c@ContinuedFloat=\count126
Package caption Info: float package is loaded.
Package caption Info: hyperref package is loaded.
Package caption Info: wrapfig package is loaded.
)
(/usr/share/texlive/texmf-dist/tex/latex/caption/subcaption.sty
Package: subcaption 2016/05/22 v1.1-161 Sub-captions (AR)
\c@subfigure=\count127
\c@subtable=\count128
)
(/usr/share/texlive/texmf-dist/tex/latex/listings/listings.sty
\lst@mode=\count129
\lst@gtempboxa=\box57
\lst@token=\toks28
\lst@length=\count130
\lst@currlwidth=\dimen149
\lst@column=\count131
\lst@pos=\count132
\lst@lostspace=\dimen150
\lst@width=\dimen151
\lst@newlines=\count133
\lst@lineno=\count134
\lst@maxwidth=\dimen152

(/usr/share/texlive/texmf-dist/tex/latex/listings/lstmisc.sty
File: lstmisc.sty 2015/06/04 1.6 (Carsten Heinz)
\c@lstnumber=\count135
\lst@skipnumbers=\count136
\lst@framebox=\box58
)
(/usr/share/texlive/texmf-dist/tex/latex/listings/listings.cfg
File: listings.cfg 2015/06/04 1.6 listings configuration
))
Package: listings 2015/06/04 1.6 (Carsten Heinz)

(/usr/share/texlive/texmf-dist/tex/latex/listings/lstlang1.sty
File: lstlang1.sty 2015/06/04 1.6 listings language file
)
(/usr/share/texlive/texmf-dist/tex/latex/listings/lstlang1.sty
File: lstlang1.sty 2015/06/04 1.6 listings language file
)
(/usr/share/texlive/texmf-dist/tex/latex/listings/lstlang1.sty
File: lstlang1.sty 2015/06/04 1.6 listings language file
) (./Coments.aux
LaTeX Info: Redefining \. on input line 23.
LaTeX Info: Redefining \% on input line 23.
)
\openout1 = `Coments.aux'.

LaTeX Font Info:    Checking defaults for OML/cmm/m/it on input line 77.
LaTeX Font Info:    ... okay on input line 77.
LaTeX Font Info:    Checking defaults for T1/cmr/m/n on input line 77.
LaTeX Font Info:    ... okay on input line 77.
LaTeX Font Info:    Checking defaults for OT1/cmr/m/n on input line 77.
LaTeX Font Info:    ... okay on input line 77.
LaTeX Font Info:    Checking defaults for OMS/cmsy/m/n on input line 77.
LaTeX Font Info:    ... okay on input line 77.
LaTeX Font Info:    Checking defaults for OMX/cmex/m/n on input line 77.
LaTeX Font Info:    ... okay on input line 77.
LaTeX Font Info:    Checking defaults for U/cmr/m/n on input line 77.
LaTeX Font Info:    ... okay on input line 77.
LaTeX Font Info:    Checking defaults for PD1/pdf/m/n on input line 77.
LaTeX Font Info:    ... okay on input line 77.
LaTeX Font Info:    Checking defaults for TS1/cmr/m/n on input line 77.
LaTeX Font Info:    Try loading font information for TS1+cmr on input line 77.
(/usr/share/texlive/texmf-dist/tex/latex/base/ts1cmr.fd
File: ts1cmr.fd 2014/09/29 v2.5h Standard LaTeX font definitions
)
LaTeX Font Info:    ... okay on input line 77.
LaTeX Info: Redefining \. on input line 77.
LaTeX Info: Redefining \% on input line 77.
\AtBeginShipoutBox=\box59
Package hyperref Info: Link coloring OFF on input line 77.

(/usr/share/texlive/texmf-dist/tex/latex/hyperref/nameref.sty
Package: nameref 2016/05/21 v2.44 Cross-referencing by name of section

(/usr/share/texlive/texmf-dist/tex/generic/oberdiek/gettitlestring.sty
Package: gettitlestring 2016/05/16 v1.5 Cleanup title references (HO)
)
\c@section@level=\count137
)
LaTeX Info: Redefining \ref on input line 77.
LaTeX Info: Redefining \pageref on input line 77.
LaTeX Info: Redefining \nameref on input line 77.

(./Coments.out) (./Coments.out)
\@outlinefile=\write3
\openout3 = `Coments.out'.

\symgns@font=\mathgroup4
LaTeX Font Info:    Overwriting symbol font `gns@font' in version `bold'
(Font)                  TS1/cmr/m/n --> TS1/cmr/bx/n on input line 77.
Package gensymb Info: Math companion symbols declared on input line 77.
LaTeX Info: Redefining \degree on input line 77.
LaTeX Info: Redefining \celsius on input line 77.
Package gensymb Info: Using text companion symbols for \degree, \celsius and \p
erthousand on input line 77.
LaTeX Info: Redefining \ohm on input line 77.
Package gensymb Info: Using \textohm for \ohm on input line 77.
Package gensymb Info: Using \textmu for \micro on input line 77.

(/usr/share/texlive/texmf-dist/tex/context/base/mkii/supp-pdf.mkii
[Loading MPS to PDF converter (version 2006.09.02).]
\scratchcounter=\count138
\scratchdimen=\dimen153
\scratchbox=\box60
\nofMPsegments=\count139
\nofMParguments=\count140
\everyMPshowfont=\toks29
\MPscratchCnt=\count141
\MPscratchDim=\dimen154
\MPnumerator=\count142
\makeMPintoPDFobject=\count143
\everyMPtoPDFconversion=\toks30
) (/usr/share/texlive/texmf-dist/tex/latex/oberdiek/epstopdf-base.sty
Package: epstopdf-base 2016/05/15 v2.6 Base part for package epstopdf

(/usr/share/texlive/texmf-dist/tex/latex/oberdiek/grfext.sty
Package: grfext 2016/05/16 v1.2 Manage graphics extensions (HO)
)
Package epstopdf-base Info: Redefining graphics rule for `.eps' on input line 4
38.
Package grfext Info: Graphics extension search list:
(grfext)             [.png,.pdf,.jpg,.mps,.jpeg,.jbig2,.jb2,.PNG,.PDF,.JPG,.JPE
G,.JBIG2,.JB2,.eps]
(grfext)             \AppendGraphicsExtensions on input line 456.

(/usr/share/texlive/texmf-dist/tex/latex/latexconfig/epstopdf-sys.cfg
File: epstopdf-sys.cfg 2010/07/13 v1.3 Configuration of (r)epstopdf for TeX Liv
e
))
*geometry* driver: auto-detecting
*geometry* detected driver: pdftex
*geometry* verbose mode - [ preamble ] result:
* driver: pdftex
* paper: letterpaper
* layout: <same size as paper>
* layoutoffset:(h,v)=(0.0pt,0.0pt)
* modes: 
* h-part:(L,W,R)=(92.14519pt, 430.00462pt, 92.14519pt)
* v-part:(T,H,B)=(95.39737pt, 556.47656pt, 143.09605pt)
* \paperwidth=614.295pt
* \paperheight=794.96999pt
* \textwidth=484.33705pt
* \textheight=675.18394pt
* \oddsidemargin=56.9055pt
* \evensidemargin=56.9055pt
* \topmargin=28.45274pt
* \headheight=14.22636pt
* \headsep=28.45274pt
* \topskip=12.0pt
* \footskip=28.45274pt
* \marginparwidth=44.0pt
* \marginparsep=10.0pt
* \columnsep=10.0pt
* \skip\footins=10.8pt plus 4.0pt minus 2.0pt
* \hoffset=-72.26999pt
* \voffset=-72.26999pt
* \mag=1000
* \@twocolumnfalse
* \@twosidefalse
* \@mparswitchfalse
* \@reversemarginfalse
* (1in=72.27pt=25.4mm, 1cm=28.453pt)

Package caption Info: Begin \AtBeginDocument code.
Package caption Info: listings package is loaded.
Package caption Info: End \AtBeginDocument code.
\c@lstlisting=\count144
Package babel Info: Redefining spanish shorthand <<
(babel)             in language append on input line 95.
Package babel Info: Redefining spanish shorthand >>
(babel)             in language append on input line 95.
Package babel Info: Redefining spanish shorthand "=
(babel)             in language append on input line 95.
Package babel Info: Redefining spanish shorthand "~
(babel)             in language append on input line 95.
Package babel Info: Redefining spanish shorthand "!
(babel)             in language append on input line 95.
Package babel Info: Redefining spanish shorthand "?
(babel)             in language append on input line 95.
Package babel Info: Redefining spanish shorthand <<
(babel)             in language append on input line 95.
Package babel Info: Redefining spanish shorthand >>
(babel)             in language append on input line 95.
Package babel Info: Redefining spanish shorthand "=
(babel)             in language append on input line 95.
Package babel Info: Redefining spanish shorthand "~
(babel)             in language append on input line 95.
Package babel Info: Redefining spanish shorthand "!
(babel)             in language append on input line 95.
Package babel Info: Redefining spanish shorthand "?
(babel)             in language append on input line 95.
[1

{/var/lib/texmf/fonts/map/pdftex/updmap/pdftex.map}]
Overfull \hbox (23.05675pt too wide) in paragraph at lines 96--96
[][]\OT1/cmr/bx/n/17.28 Tarea III: Ejer-ci-cios pa-ra mo-vi-mien-tos ar-bi-tra-
rios de part^^S^^Pcu-
 []

<Images/Config_INI_FIN_2.png, id=12, 481.8pt x 361.35pt>
File: Images/Config_INI_FIN_2.png Graphic file (type png)

<use Images/Config_INI_FIN_2.png>
Package pdftex.def Info: Images/Config_INI_FIN_2.png used on input line 105.
(pdftex.def)             Requested size: 361.3491pt x 271.01184pt.

<Images/Config_INI_FIN.png, id=13, 481.8pt x 361.35pt>
File: Images/Config_INI_FIN.png Graphic file (type png)

<use Images/Config_INI_FIN.png>
Package pdftex.def Info: Images/Config_INI_FIN.png used on input line 114.
(pdftex.def)             Requested size: 361.3491pt x 271.01184pt.


Package Fancyhdr Warning: \headheight is too small (14.22636pt): 
 Make it at least 14.49998pt.
 We now make it that large for the rest of the document.
 This may cause the page layout to be inconsistent, however.

Package babel Info: Redefining spanish shorthand <<
(babel)             in language append on input line 117.
Package babel Info: Redefining spanish shorthand >>
(babel)             in language append on input line 117.
Package babel Info: Redefining spanish shorthand "=
(babel)             in language append on input line 117.
Package babel Info: Redefining spanish shorthand "~
(babel)             in language append on input line 117.
Package babel Info: Redefining spanish shorthand "!
(babel)             in language append on input line 117.
Package babel Info: Redefining spanish shorthand "?
(babel)             in language append on input line 117.
Package babel Info: Redefining spanish shorthand <<
(babel)             in language append on input line 117.
Package babel Info: Redefining spanish shorthand >>
(babel)             in language append on input line 117.
Package babel Info: Redefining spanish shorthand "=
(babel)             in language append on input line 117.
Package babel Info: Redefining spanish shorthand "~
(babel)             in language append on input line 117.
Package babel Info: Redefining spanish shorthand "!
(babel)             in language append on input line 117.
Package babel Info: Redefining spanish shorthand "?
(babel)             in language append on input line 117.
pdfTeX warning (ext4): destination with the same identifier (name{page.1}) has 
been already used, duplicate ignored
<to be read again> 
                   \relax 
l.117 S
       e observa que todas las partículas están dentro de la celda origina...
[1 <./Images/Config_INI_FIN_2.png (PNG copy)>]
<Images/Particula1.png, id=24, 481.8pt x 361.35pt>
File: Images/Particula1.png Graphic file (type png)
 <use Images/Particula1.png>
Package pdftex.def Info: Images/Particula1.png used on input line 125.
(pdftex.def)             Requested size: 237.3278pt x 177.99487pt.

<Images/Particula2.png, id=25, 481.8pt x 361.35pt>
File: Images/Particula2.png Graphic file (type png)
 <use Images/Particula2.png>
Package pdftex.def Info: Images/Particula2.png used on input line 126.
(pdftex.def)             Requested size: 237.3278pt x 177.99487pt.

<Images/Traza.png, id=26, 481.8pt x 361.35pt>
File: Images/Traza.png Graphic file (type png)
 <use Images/Traza.png>
Package pdftex.def Info: Images/Traza.png used on input line 127.
(pdftex.def)             Requested size: 363.25278pt x 272.4454pt.
Package babel Info: Redefining spanish shorthand <<
(babel)             in language append on input line 130.
Package babel Info: Redefining spanish shorthand >>
(babel)             in language append on input line 130.
Package babel Info: Redefining spanish shorthand "=
(babel)             in language append on input line 130.
Package babel Info: Redefining spanish shorthand "~
(babel)             in language append on input line 130.
Package babel Info: Redefining spanish shorthand "!
(babel)             in language append on input line 130.
Package babel Info: Redefining spanish shorthand "?
(babel)             in language append on input line 130.
Package babel Info: Redefining spanish shorthand <<
(babel)             in language append on input line 130.
Package babel Info: Redefining spanish shorthand >>
(babel)             in language append on input line 130.
Package babel Info: Redefining spanish shorthand "=
(babel)             in language append on input line 130.
Package babel Info: Redefining spanish shorthand "~
(babel)             in language append on input line 130.
Package babel Info: Redefining spanish shorthand "!
(babel)             in language append on input line 130.
Package babel Info: Redefining spanish shorthand "?
(babel)             in language append on input line 130.
 [2 <./Images/Config_INI_FIN.png (PNG copy)>]
<Images/ConfigS3D.png, id=33, 627.84563pt x 609.02531pt>
File: Images/ConfigS3D.png Graphic file (type png)

<use Images/ConfigS3D.png>
Package pdftex.def Info: Images/ConfigS3D.png used on input line 136.
(pdftex.def)             Requested size: 242.16852pt x 234.9076pt.

<Images/Part1.png, id=34, 1226.33156pt x 724.20563pt>
File: Images/Part1.png Graphic file (type png)
 <use Images/Part1.png>
Package pdftex.def Info: Images/Part1.png used on input line 141.
(pdftex.def)             Requested size: 237.3278pt x 140.1421pt.

<Images/Part2.png, id=35, 1226.33156pt x 724.20563pt>
File: Images/Part2.png Graphic file (type png)
 <use Images/Part2.png>
Package pdftex.def Info: Images/Part2.png used on input line 142.
(pdftex.def)             Requested size: 237.3278pt x 140.1421pt.

<Images/Part3.png, id=36, 1226.33156pt x 724.20563pt>
File: Images/Part3.png Graphic file (type png)
 <use Images/Part3.png>
Package pdftex.def Info: Images/Part3.png used on input line 143.
(pdftex.def)             Requested size: 237.3278pt x 140.1421pt.
Package babel Info: Redefining spanish shorthand <<
(babel)             in language append on input line 145.
Package babel Info: Redefining spanish shorthand >>
(babel)             in language append on input line 145.
Package babel Info: Redefining spanish shorthand "=
(babel)             in language append on input line 145.
Package babel Info: Redefining spanish shorthand "~
(babel)             in language append on input line 145.
Package babel Info: Redefining spanish shorthand "!
(babel)             in language append on input line 145.
Package babel Info: Redefining spanish shorthand "?
(babel)             in language append on input line 145.
Package babel Info: Redefining spanish shorthand <<
(babel)             in language append on input line 145.
Package babel Info: Redefining spanish shorthand >>
(babel)             in language append on input line 145.
Package babel Info: Redefining spanish shorthand "=
(babel)             in language append on input line 145.
Package babel Info: Redefining spanish shorthand "~
(babel)             in language append on input line 145.
Package babel Info: Redefining spanish shorthand "!
(babel)             in language append on input line 145.
Package babel Info: Redefining spanish shorthand "?
(babel)             in language append on input line 145.

[3 <./Images/Particula1.png (PNG copy)> <./Images/Particula2.png (PNG copy)> <.
/Images/Traza.png (PNG copy)>] <Images/ConfigS.png, id=43, 481.8pt x 361.35pt>
File: Images/ConfigS.png Graphic file (type png)

<use Images/ConfigS.png>
Package pdftex.def Info: Images/ConfigS.png used on input line 151.
(pdftex.def)             Requested size: 242.16852pt x 181.62292pt.
 <Images/Parti1.png, id=44, 481.8pt x 361.35pt>
File: Images/Parti1.png Graphic file (type png)

<use Images/Parti1.png>
Package pdftex.def Info: Images/Parti1.png used on input line 156.
(pdftex.def)             Requested size: 237.3278pt x 177.99487pt.
 <Images/Parti2.png, id=45, 481.8pt x 361.35pt>
File: Images/Parti2.png Graphic file (type png)

<use Images/Parti2.png>
Package pdftex.def Info: Images/Parti2.png used on input line 157.
(pdftex.def)             Requested size: 237.3278pt x 177.99487pt.
Package babel Info: Redefining spanish shorthand <<
(babel)             in language append on input line 159.
Package babel Info: Redefining spanish shorthand >>
(babel)             in language append on input line 159.
Package babel Info: Redefining spanish shorthand "=
(babel)             in language append on input line 159.
Package babel Info: Redefining spanish shorthand "~
(babel)             in language append on input line 159.
Package babel Info: Redefining spanish shorthand "!
(babel)             in language append on input line 159.
Package babel Info: Redefining spanish shorthand "?
(babel)             in language append on input line 159.
Package babel Info: Redefining spanish shorthand <<
(babel)             in language append on input line 159.
Package babel Info: Redefining spanish shorthand >>
(babel)             in language append on input line 159.
Package babel Info: Redefining spanish shorthand "=
(babel)             in language append on input line 159.
Package babel Info: Redefining spanish shorthand "~
(babel)             in language append on input line 159.
Package babel Info: Redefining spanish shorthand "!
(babel)             in language append on input line 159.
Package babel Info: Redefining spanish shorthand "?
(babel)             in language append on input line 159.
 [4 <./Images/ConfigS3D.png (PNG copy)> <./Images/Part1.png (PNG copy)> <./Imag
es/Part2.png (PNG copy)> <./Images/Part3.png (PNG copy)>] <Images/Terma.png, id
=52, 1263.21938pt x 724.20563pt>
File: Images/Terma.png Graphic file (type png)
 <use Images/Terma.png>
Package pdftex.def Info: Images/Terma.png used on input line 167.
(pdftex.def)             Requested size: 363.25278pt x 208.25722pt.
Package babel Info: Redefining spanish shorthand <<
(babel)             in language append on input line 170.
Package babel Info: Redefining spanish shorthand >>
(babel)             in language append on input line 170.
Package babel Info: Redefining spanish shorthand "=
(babel)             in language append on input line 170.
Package babel Info: Redefining spanish shorthand "~
(babel)             in language append on input line 170.
Package babel Info: Redefining spanish shorthand "!
(babel)             in language append on input line 170.
Package babel Info: Redefining spanish shorthand "?
(babel)             in language append on input line 170.
Package babel Info: Redefining spanish shorthand <<
(babel)             in language append on input line 170.
Package babel Info: Redefining spanish shorthand >>
(babel)             in language append on input line 170.
Package babel Info: Redefining spanish shorthand "=
(babel)             in language append on input line 170.
Package babel Info: Redefining spanish shorthand "~
(babel)             in language append on input line 170.
Package babel Info: Redefining spanish shorthand "!
(babel)             in language append on input line 170.
Package babel Info: Redefining spanish shorthand "?
(babel)             in language append on input line 170.

[5 <./Images/ConfigS.png (PNG copy)> <./Images/Parti1.png (PNG copy)> <./Images
/Parti2.png (PNG copy)>]
Package babel Info: Redefining spanish shorthand <<
(babel)             in language append on input line 172.
Package babel Info: Redefining spanish shorthand >>
(babel)             in language append on input line 172.
Package babel Info: Redefining spanish shorthand "=
(babel)             in language append on input line 172.
Package babel Info: Redefining spanish shorthand "~
(babel)             in language append on input line 172.
Package babel Info: Redefining spanish shorthand "!
(babel)             in language append on input line 172.
Package babel Info: Redefining spanish shorthand "?
(babel)             in language append on input line 172.
Package babel Info: Redefining spanish shorthand <<
(babel)             in language append on input line 172.
Package babel Info: Redefining spanish shorthand >>
(babel)             in language append on input line 172.
Package babel Info: Redefining spanish shorthand "=
(babel)             in language append on input line 172.
Package babel Info: Redefining spanish shorthand "~
(babel)             in language append on input line 172.
Package babel Info: Redefining spanish shorthand "!
(babel)             in language append on input line 172.
Package babel Info: Redefining spanish shorthand "?
(babel)             in language append on input line 172.
 [6 <./Images/Terma.png (PNG copy)>]
<Images/aleatoria.png, id=67, 542.62724pt x 565.51276pt>
File: Images/aleatoria.png Graphic file (type png)

<use Images/aleatoria.png>
Package pdftex.def Info: Images/aleatoria.png used on input line 183.
(pdftex.def)             Requested size: 242.16852pt x 252.38153pt.

<Images/regular.png, id=69, 602.85225pt x 563.10374pt>
File: Images/regular.png Graphic file (type png)

<use Images/regular.png>
Package pdftex.def Info: Images/regular.png used on input line 193.
(pdftex.def)             Requested size: 242.16852pt x 226.19984pt.
Package babel Info: Redefining spanish shorthand <<
(babel)             in language append on input line 197.
Package babel Info: Redefining spanish shorthand >>
(babel)             in language append on input line 197.
Package babel Info: Redefining spanish shorthand "=
(babel)             in language append on input line 197.
Package babel Info: Redefining spanish shorthand "~
(babel)             in language append on input line 197.
Package babel Info: Redefining spanish shorthand "!
(babel)             in language append on input line 197.
Package babel Info: Redefining spanish shorthand "?
(babel)             in language append on input line 197.
Package babel Info: Redefining spanish shorthand <<
(babel)             in language append on input line 197.
Package babel Info: Redefining spanish shorthand >>
(babel)             in language append on input line 197.
Package babel Info: Redefining spanish shorthand "=
(babel)             in language append on input line 197.
Package babel Info: Redefining spanish shorthand "~
(babel)             in language append on input line 197.
Package babel Info: Redefining spanish shorthand "!
(babel)             in language append on input line 197.
Package babel Info: Redefining spanish shorthand "?
(babel)             in language append on input line 197.
 [7 <./Images/aleatoria.png>]
<Images/traslapes.png, id=78, 593.21625pt x 564.30824pt>
File: Images/traslapes.png Graphic file (type png)

<use Images/traslapes.png>
Package pdftex.def Info: Images/traslapes.png used on input line 205.
(pdftex.def)             Requested size: 242.16852pt x 230.36903pt.
Package babel Info: Redefining spanish shorthand <<
(babel)             in language append on input line 210.
Package babel Info: Redefining spanish shorthand >>
(babel)             in language append on input line 210.
Package babel Info: Redefining spanish shorthand "=
(babel)             in language append on input line 210.
Package babel Info: Redefining spanish shorthand "~
(babel)             in language append on input line 210.
Package babel Info: Redefining spanish shorthand "!
(babel)             in language append on input line 210.
Package babel Info: Redefining spanish shorthand "?
(babel)             in language append on input line 210.
Package babel Info: Redefining spanish shorthand <<
(babel)             in language append on input line 210.
Package babel Info: Redefining spanish shorthand >>
(babel)             in language append on input line 210.
Package babel Info: Redefining spanish shorthand "=
(babel)             in language append on input line 210.
Package babel Info: Redefining spanish shorthand "~
(babel)             in language append on input line 210.
Package babel Info: Redefining spanish shorthand "!
(babel)             in language append on input line 210.
Package babel Info: Redefining spanish shorthand "?
(babel)             in language append on input line 210.
 [8 <./Images/regular.png> <./Images/traslapes.png>]
Package babel Info: Redefining spanish shorthand <<
(babel)             in language append on input line 214.
Package babel Info: Redefining spanish shorthand >>
(babel)             in language append on input line 214.
Package babel Info: Redefining spanish shorthand "=
(babel)             in language append on input line 214.
Package babel Info: Redefining spanish shorthand "~
(babel)             in language append on input line 214.
Package babel Info: Redefining spanish shorthand "!
(babel)             in language append on input line 214.
Package babel Info: Redefining spanish shorthand "?
(babel)             in language append on input line 214.
Package babel Info: Redefining spanish shorthand <<
(babel)             in language append on input line 214.
Package babel Info: Redefining spanish shorthand >>
(babel)             in language append on input line 214.
Package babel Info: Redefining spanish shorthand "=
(babel)             in language append on input line 214.
Package babel Info: Redefining spanish shorthand "~
(babel)             in language append on input line 214.
Package babel Info: Redefining spanish shorthand "!
(babel)             in language append on input line 214.
Package babel Info: Redefining spanish shorthand "?
(babel)             in language append on input line 214.

[9] <Images/gdrCNF.png, id=92, 547.44525pt x 564.30824pt>
File: Images/gdrCNF.png Graphic file (type png)

<use Images/gdrCNF.png>
Package pdftex.def Info: Images/gdrCNF.png used on input line 223.
(pdftex.def)             Requested size: 242.16852pt x 249.62242pt.
 <Images/gdrPart.png, id=93, 611.28375pt x 566.115pt>
File: Images/gdrPart.png Graphic file (type png)

<use Images/gdrPart.png>
Package pdftex.def Info: Images/gdrPart.png used on input line 232.
(pdftex.def)             Requested size: 242.16852pt x 224.27379pt.
Package babel Info: Redefining spanish shorthand <<
(babel)             in language append on input line 236.
Package babel Info: Redefining spanish shorthand >>
(babel)             in language append on input line 236.
Package babel Info: Redefining spanish shorthand "=
(babel)             in language append on input line 236.
Package babel Info: Redefining spanish shorthand "~
(babel)             in language append on input line 236.
Package babel Info: Redefining spanish shorthand "!
(babel)             in language append on input line 236.
Package babel Info: Redefining spanish shorthand "?
(babel)             in language append on input line 236.
Package babel Info: Redefining spanish shorthand <<
(babel)             in language append on input line 236.
Package babel Info: Redefining spanish shorthand >>
(babel)             in language append on input line 236.
Package babel Info: Redefining spanish shorthand "=
(babel)             in language append on input line 236.
Package babel Info: Redefining spanish shorthand "~
(babel)             in language append on input line 236.
Package babel Info: Redefining spanish shorthand "!
(babel)             in language append on input line 236.
Package babel Info: Redefining spanish shorthand "?
(babel)             in language append on input line 236.
 [10 <./Images/gdrCNF.png>]
<Images/gdrDeltar.png, id=102, 587.19376pt x 564.30824pt>
File: Images/gdrDeltar.png Graphic file (type png)

<use Images/gdrDeltar.png>
Package pdftex.def Info: Images/gdrDeltar.png used on input line 241.
(pdftex.def)             Requested size: 242.16852pt x 232.72835pt.
Package babel Info: Redefining spanish shorthand <<
(babel)             in language append on input line 249.
Package babel Info: Redefining spanish shorthand >>
(babel)             in language append on input line 249.
Package babel Info: Redefining spanish shorthand "=
(babel)             in language append on input line 249.
Package babel Info: Redefining spanish shorthand "~
(babel)             in language append on input line 249.
Package babel Info: Redefining spanish shorthand "!
(babel)             in language append on input line 249.
Package babel Info: Redefining spanish shorthand "?
(babel)             in language append on input line 249.
Package babel Info: Redefining spanish shorthand <<
(babel)             in language append on input line 249.
Package babel Info: Redefining spanish shorthand >>
(babel)             in language append on input line 249.
Package babel Info: Redefining spanish shorthand "=
(babel)             in language append on input line 249.
Package babel Info: Redefining spanish shorthand "~
(babel)             in language append on input line 249.
Package babel Info: Redefining spanish shorthand "!
(babel)             in language append on input line 249.
Package babel Info: Redefining spanish shorthand "?
(babel)             in language append on input line 249.
 [11 <./Images/gdrPart.png> <./Images/gdrDeltar.png>] <Images/gdrT.png, id=114,
 733.74126pt x 664.4825pt>
File: Images/gdrT.png Graphic file (type png)
 <use Images/gdrT.png>
Package pdftex.def Info: Images/gdrT.png used on input line 271.
(pdftex.def)             Requested size: 242.16852pt x 219.31032pt.

<Images/TermaT.png, id=115, 733.74126pt x 664.4825pt>
File: Images/TermaT.png Graphic file (type png)
 <use Images/TermaT.png>
Package pdftex.def Info: Images/TermaT.png used on input line 280.
(pdftex.def)             Requested size: 242.16852pt x 219.31032pt.
Package babel Info: Redefining spanish shorthand <<
(babel)             in language append on input line 283.
Package babel Info: Redefining spanish shorthand >>
(babel)             in language append on input line 283.
Package babel Info: Redefining spanish shorthand "=
(babel)             in language append on input line 283.
Package babel Info: Redefining spanish shorthand "~
(babel)             in language append on input line 283.
Package babel Info: Redefining spanish shorthand "!
(babel)             in language append on input line 283.
Package babel Info: Redefining spanish shorthand "?
(babel)             in language append on input line 283.
Package babel Info: Redefining spanish shorthand <<
(babel)             in language append on input line 283.
Package babel Info: Redefining spanish shorthand >>
(babel)             in language append on input line 283.
Package babel Info: Redefining spanish shorthand "=
(babel)             in language append on input line 283.
Package babel Info: Redefining spanish shorthand "~
(babel)             in language append on input line 283.
Package babel Info: Redefining spanish shorthand "!
(babel)             in language append on input line 283.
Package babel Info: Redefining spanish shorthand "?
(babel)             in language append on input line 283.

[12 <./Images/gdrT.png>]
<Images/EcEstado.png, id=125, 601.24625pt x 519.9425pt>
File: Images/EcEstado.png Graphic file (type png)

<use Images/EcEstado.png>
Package pdftex.def Info: Images/EcEstado.png used on input line 294.
(pdftex.def)             Requested size: 242.16852pt x 209.41724pt.

<Images/EcEstado2.png, id=126, 704.6325pt x 594.22pt>
File: Images/EcEstado2.png Graphic file (type png)

<use Images/EcEstado2.png>
Package pdftex.def Info: Images/EcEstado2.png used on input line 300.
(pdftex.def)             Requested size: 242.16852pt x 204.21729pt.
Package babel Info: Redefining spanish shorthand <<
(babel)             in language append on input line 302.
Package babel Info: Redefining spanish shorthand >>
(babel)             in language append on input line 302.
Package babel Info: Redefining spanish shorthand "=
(babel)             in language append on input line 302.
Package babel Info: Redefining spanish shorthand "~
(babel)             in language append on input line 302.
Package babel Info: Redefining spanish shorthand "!
(babel)             in language append on input line 302.
Package babel Info: Redefining spanish shorthand "?
(babel)             in language append on input line 302.
Package babel Info: Redefining spanish shorthand <<
(babel)             in language append on input line 302.
Package babel Info: Redefining spanish shorthand >>
(babel)             in language append on input line 302.
Package babel Info: Redefining spanish shorthand "=
(babel)             in language append on input line 302.
Package babel Info: Redefining spanish shorthand "~
(babel)             in language append on input line 302.
Package babel Info: Redefining spanish shorthand "!
(babel)             in language append on input line 302.
Package babel Info: Redefining spanish shorthand "?
(babel)             in language append on input line 302.
 [13 <./Images/TermaT.png> <./Images/EcEstado.png>]
Package hyperref Info: bookmark level for unknown lstlisting defaults to 0 on i
nput line 307.

(./Mod.f03
LaTeX Font Info:    Font shape `OT1/cmtt/bx/n' in size <10.95> not available
(Font)              Font shape `OT1/cmtt/m/n' tried instead on input line 1.
) (./Main.f03
Package babel Info: Redefining spanish shorthand <<
(babel)             in language append on input line 4.
Package babel Info: Redefining spanish shorthand >>
(babel)             in language append on input line 4.
Package babel Info: Redefining spanish shorthand "=
(babel)             in language append on input line 4.
Package babel Info: Redefining spanish shorthand "~
(babel)             in language append on input line 4.
Package babel Info: Redefining spanish shorthand "!
(babel)             in language append on input line 4.
Package babel Info: Redefining spanish shorthand "?
(babel)             in language append on input line 4.
Package babel Info: Redefining spanish shorthand <<
(babel)             in language append on input line 4.
Package babel Info: Redefining spanish shorthand >>
(babel)             in language append on input line 4.
Package babel Info: Redefining spanish shorthand "=
(babel)             in language append on input line 4.
Package babel Info: Redefining spanish shorthand "~
(babel)             in language append on input line 4.
Package babel Info: Redefining spanish shorthand "!
(babel)             in language append on input line 4.
Package babel Info: Redefining spanish shorthand "?
(babel)             in language append on input line 4.
 [14 <./Images/EcEstado2.png>]
Overfull \hbox (89.248pt too wide) in paragraph at lines 35--37
[][][][] 
 []

Package babel Info: Redefining spanish shorthand <<
(babel)             in language append on input line 49.
Package babel Info: Redefining spanish shorthand >>
(babel)             in language append on input line 49.
Package babel Info: Redefining spanish shorthand "=
(babel)             in language append on input line 49.
Package babel Info: Redefining spanish shorthand "~
(babel)             in language append on input line 49.
Package babel Info: Redefining spanish shorthand "!
(babel)             in language append on input line 49.
Package babel Info: Redefining spanish shorthand "?
(babel)             in language append on input line 49.
Package babel Info: Redefining spanish shorthand <<
(babel)             in language append on input line 49.
Package babel Info: Redefining spanish shorthand >>
(babel)             in language append on input line 49.
Package babel Info: Redefining spanish shorthand "=
(babel)             in language append on input line 49.
Package babel Info: Redefining spanish shorthand "~
(babel)             in language append on input line 49.
Package babel Info: Redefining spanish shorthand "!
(babel)             in language append on input line 49.
Package babel Info: Redefining spanish shorthand "?
(babel)             in language append on input line 49.
[15]
Package babel Info: Redefining spanish shorthand <<
(babel)             in language append on input line 98.
Package babel Info: Redefining spanish shorthand >>
(babel)             in language append on input line 98.
Package babel Info: Redefining spanish shorthand "=
(babel)             in language append on input line 98.
Package babel Info: Redefining spanish shorthand "~
(babel)             in language append on input line 98.
Package babel Info: Redefining spanish shorthand "!
(babel)             in language append on input line 98.
Package babel Info: Redefining spanish shorthand "?
(babel)             in language append on input line 98.
Package babel Info: Redefining spanish shorthand <<
(babel)             in language append on input line 98.
Package babel Info: Redefining spanish shorthand >>
(babel)             in language append on input line 98.
Package babel Info: Redefining spanish shorthand "=
(babel)             in language append on input line 98.
Package babel Info: Redefining spanish shorthand "~
(babel)             in language append on input line 98.
Package babel Info: Redefining spanish shorthand "!
(babel)             in language append on input line 98.
Package babel Info: Redefining spanish shorthand "?
(babel)             in language append on input line 98.
 [16]
Package babel Info: Redefining spanish shorthand <<
(babel)             in language append on input line 147.
Package babel Info: Redefining spanish shorthand >>
(babel)             in language append on input line 147.
Package babel Info: Redefining spanish shorthand "=
(babel)             in language append on input line 147.
Package babel Info: Redefining spanish shorthand "~
(babel)             in language append on input line 147.
Package babel Info: Redefining spanish shorthand "!
(babel)             in language append on input line 147.
Package babel Info: Redefining spanish shorthand "?
(babel)             in language append on input line 147.
Package babel Info: Redefining spanish shorthand <<
(babel)             in language append on input line 147.
Package babel Info: Redefining spanish shorthand >>
(babel)             in language append on input line 147.
Package babel Info: Redefining spanish shorthand "=
(babel)             in language append on input line 147.
Package babel Info: Redefining spanish shorthand "~
(babel)             in language append on input line 147.
Package babel Info: Redefining spanish shorthand "!
(babel)             in language append on input line 147.
Package babel Info: Redefining spanish shorthand "?
(babel)             in language append on input line 147.
 [17]
Package babel Info: Redefining spanish shorthand <<
(babel)             in language append on input line 194.
Package babel Info: Redefining spanish shorthand >>
(babel)             in language append on input line 194.
Package babel Info: Redefining spanish shorthand "=
(babel)             in language append on input line 194.
Package babel Info: Redefining spanish shorthand "~
(babel)             in language append on input line 194.
Package babel Info: Redefining spanish shorthand "!
(babel)             in language append on input line 194.
Package babel Info: Redefining spanish shorthand "?
(babel)             in language append on input line 194.
Package babel Info: Redefining spanish shorthand <<
(babel)             in language append on input line 194.
Package babel Info: Redefining spanish shorthand >>
(babel)             in language append on input line 194.
Package babel Info: Redefining spanish shorthand "=
(babel)             in language append on input line 194.
Package babel Info: Redefining spanish shorthand "~
(babel)             in language append on input line 194.
Package babel Info: Redefining spanish shorthand "!
(babel)             in language append on input line 194.
Package babel Info: Redefining spanish shorthand "?
(babel)             in language append on input line 194.
 [18]) (./ConfigIni.f03
Package babel Info: Redefining spanish shorthand <<
(babel)             in language append on input line 19.
Package babel Info: Redefining spanish shorthand >>
(babel)             in language append on input line 19.
Package babel Info: Redefining spanish shorthand "=
(babel)             in language append on input line 19.
Package babel Info: Redefining spanish shorthand "~
(babel)             in language append on input line 19.
Package babel Info: Redefining spanish shorthand "!
(babel)             in language append on input line 19.
Package babel Info: Redefining spanish shorthand "?
(babel)             in language append on input line 19.
Package babel Info: Redefining spanish shorthand <<
(babel)             in language append on input line 19.
Package babel Info: Redefining spanish shorthand >>
(babel)             in language append on input line 19.
Package babel Info: Redefining spanish shorthand "=
(babel)             in language append on input line 19.
Package babel Info: Redefining spanish shorthand "~
(babel)             in language append on input line 19.
Package babel Info: Redefining spanish shorthand "!
(babel)             in language append on input line 19.
Package babel Info: Redefining spanish shorthand "?
(babel)             in language append on input line 19.
 [19]) (./ConfigIniReg.f03
Package babel Info: Redefining spanish shorthand <<
(babel)             in language append on input line 13.
Package babel Info: Redefining spanish shorthand >>
(babel)             in language append on input line 13.
Package babel Info: Redefining spanish shorthand "=
(babel)             in language append on input line 13.
Package babel Info: Redefining spanish shorthand "~
(babel)             in language append on input line 13.
Package babel Info: Redefining spanish shorthand "!
(babel)             in language append on input line 13.
Package babel Info: Redefining spanish shorthand "?
(babel)             in language append on input line 13.
Package babel Info: Redefining spanish shorthand <<
(babel)             in language append on input line 13.
Package babel Info: Redefining spanish shorthand >>
(babel)             in language append on input line 13.
Package babel Info: Redefining spanish shorthand "=
(babel)             in language append on input line 13.
Package babel Info: Redefining spanish shorthand "~
(babel)             in language append on input line 13.
Package babel Info: Redefining spanish shorthand "!
(babel)             in language append on input line 13.
Package babel Info: Redefining spanish shorthand "?
(babel)             in language append on input line 13.
 [20]
Package babel Info: Redefining spanish shorthand <<
(babel)             in language append on input line 63.
Package babel Info: Redefining spanish shorthand >>
(babel)             in language append on input line 63.
Package babel Info: Redefining spanish shorthand "=
(babel)             in language append on input line 63.
Package babel Info: Redefining spanish shorthand "~
(babel)             in language append on input line 63.
Package babel Info: Redefining spanish shorthand "!
(babel)             in language append on input line 63.
Package babel Info: Redefining spanish shorthand "?
(babel)             in language append on input line 63.
Package babel Info: Redefining spanish shorthand <<
(babel)             in language append on input line 63.
Package babel Info: Redefining spanish shorthand >>
(babel)             in language append on input line 63.
Package babel Info: Redefining spanish shorthand "=
(babel)             in language append on input line 63.
Package babel Info: Redefining spanish shorthand "~
(babel)             in language append on input line 63.
Package babel Info: Redefining spanish shorthand "!
(babel)             in language append on input line 63.
Package babel Info: Redefining spanish shorthand "?
(babel)             in language append on input line 63.
 [21])
(./EnergyConfigHD.f03
Package babel Info: Redefining spanish shorthand <<
(babel)             in language append on input line 41.
Package babel Info: Redefining spanish shorthand >>
(babel)             in language append on input line 41.
Package babel Info: Redefining spanish shorthand "=
(babel)             in language append on input line 41.
Package babel Info: Redefining spanish shorthand "~
(babel)             in language append on input line 41.
Package babel Info: Redefining spanish shorthand "!
(babel)             in language append on input line 41.
Package babel Info: Redefining spanish shorthand "?
(babel)             in language append on input line 41.
Package babel Info: Redefining spanish shorthand <<
(babel)             in language append on input line 41.
Package babel Info: Redefining spanish shorthand >>
(babel)             in language append on input line 41.
Package babel Info: Redefining spanish shorthand "=
(babel)             in language append on input line 41.
Package babel Info: Redefining spanish shorthand "~
(babel)             in language append on input line 41.
Package babel Info: Redefining spanish shorthand "!
(babel)             in language append on input line 41.
Package babel Info: Redefining spanish shorthand "?
(babel)             in language append on input line 41.
 [22]) (./EnergyPartHD.f03)
Package babel Info: Redefining spanish shorthand <<
(babel)             in language append on input line 312.
Package babel Info: Redefining spanish shorthand >>
(babel)             in language append on input line 312.
Package babel Info: Redefining spanish shorthand "=
(babel)             in language append on input line 312.
Package babel Info: Redefining spanish shorthand "~
(babel)             in language append on input line 312.
Package babel Info: Redefining spanish shorthand "!
(babel)             in language append on input line 312.
Package babel Info: Redefining spanish shorthand "?
(babel)             in language append on input line 312.
Package babel Info: Redefining spanish shorthand <<
(babel)             in language append on input line 312.
Package babel Info: Redefining spanish shorthand >>
(babel)             in language append on input line 312.
Package babel Info: Redefining spanish shorthand "=
(babel)             in language append on input line 312.
Package babel Info: Redefining spanish shorthand "~
(babel)             in language append on input line 312.
Package babel Info: Redefining spanish shorthand "!
(babel)             in language append on input line 312.
Package babel Info: Redefining spanish shorthand "?
(babel)             in language append on input line 312.
 [23] (./GDR.f03
Package babel Info: Redefining spanish shorthand <<
(babel)             in language append on input line 48.
Package babel Info: Redefining spanish shorthand >>
(babel)             in language append on input line 48.
Package babel Info: Redefining spanish shorthand "=
(babel)             in language append on input line 48.
Package babel Info: Redefining spanish shorthand "~
(babel)             in language append on input line 48.
Package babel Info: Redefining spanish shorthand "!
(babel)             in language append on input line 48.
Package babel Info: Redefining spanish shorthand "?
(babel)             in language append on input line 48.
Package babel Info: Redefining spanish shorthand <<
(babel)             in language append on input line 48.
Package babel Info: Redefining spanish shorthand >>
(babel)             in language append on input line 48.
Package babel Info: Redefining spanish shorthand "=
(babel)             in language append on input line 48.
Package babel Info: Redefining spanish shorthand "~
(babel)             in language append on input line 48.
Package babel Info: Redefining spanish shorthand "!
(babel)             in language append on input line 48.
Package babel Info: Redefining spanish shorthand "?
(babel)             in language append on input line 48.
 [24])
Package babel Info: Redefining spanish shorthand <<
(babel)             in language append on input line 313.
Package babel Info: Redefining spanish shorthand >>
(babel)             in language append on input line 313.
Package babel Info: Redefining spanish shorthand "=
(babel)             in language append on input line 313.
Package babel Info: Redefining spanish shorthand "~
(babel)             in language append on input line 313.
Package babel Info: Redefining spanish shorthand "!
(babel)             in language append on input line 313.
Package babel Info: Redefining spanish shorthand "?
(babel)             in language append on input line 313.
Package babel Info: Redefining spanish shorthand <<
(babel)             in language append on input line 313.
Package babel Info: Redefining spanish shorthand >>
(babel)             in language append on input line 313.
Package babel Info: Redefining spanish shorthand "=
(babel)             in language append on input line 313.
Package babel Info: Redefining spanish shorthand "~
(babel)             in language append on input line 313.
Package babel Info: Redefining spanish shorthand "!
(babel)             in language append on input line 313.
Package babel Info: Redefining spanish shorthand "?
(babel)             in language append on input line 313.
 [25]
(./Calc.f03
Package babel Info: Redefining spanish shorthand <<
(babel)             in language append on input line 43.
Package babel Info: Redefining spanish shorthand >>
(babel)             in language append on input line 43.
Package babel Info: Redefining spanish shorthand "=
(babel)             in language append on input line 43.
Package babel Info: Redefining spanish shorthand "~
(babel)             in language append on input line 43.
Package babel Info: Redefining spanish shorthand "!
(babel)             in language append on input line 43.
Package babel Info: Redefining spanish shorthand "?
(babel)             in language append on input line 43.
Package babel Info: Redefining spanish shorthand <<
(babel)             in language append on input line 43.
Package babel Info: Redefining spanish shorthand >>
(babel)             in language append on input line 43.
Package babel Info: Redefining spanish shorthand "=
(babel)             in language append on input line 43.
Package babel Info: Redefining spanish shorthand "~
(babel)             in language append on input line 43.
Package babel Info: Redefining spanish shorthand "!
(babel)             in language append on input line 43.
Package babel Info: Redefining spanish shorthand "?
(babel)             in language append on input line 43.
 [26])
Package atveryend Info: Empty hook `BeforeClearDocument' on input line 316.
Package babel Info: Redefining spanish shorthand <<
(babel)             in language append on input line 316.
Package babel Info: Redefining spanish shorthand >>
(babel)             in language append on input line 316.
Package babel Info: Redefining spanish shorthand "=
(babel)             in language append on input line 316.
Package babel Info: Redefining spanish shorthand "~
(babel)             in language append on input line 316.
Package babel Info: Redefining spanish shorthand "!
(babel)             in language append on input line 316.
Package babel Info: Redefining spanish shorthand "?
(babel)             in language append on input line 316.
Package babel Info: Redefining spanish shorthand <<
(babel)             in language append on input line 316.
Package babel Info: Redefining spanish shorthand >>
(babel)             in language append on input line 316.
Package babel Info: Redefining spanish shorthand "=
(babel)             in language append on input line 316.
Package babel Info: Redefining spanish shorthand "~
(babel)             in language append on input line 316.
Package babel Info: Redefining spanish shorthand "!
(babel)             in language append on input line 316.
Package babel Info: Redefining spanish shorthand "?
(babel)             in language append on input line 316.
 [27]
Package atveryend Info: Empty hook `AfterLastShipout' on input line 316.
 (./Coments.aux
LaTeX Info: Redefining \. on input line 23.
LaTeX Info: Redefining \% on input line 23.
)
Package atveryend Info: Executing hook `AtVeryEndDocument' on input line 316.
Package atveryend Info: Executing hook `AtEndAfterFileList' on input line 316.
Package rerunfilecheck Info: File `Coments.out' has not changed.
(rerunfilecheck)             Checksum: D41D8CD98F00B204E9800998ECF8427E;0.
Package atveryend Info: Empty hook `AtVeryVeryEnd' on input line 316.
 ) 
Here is how much of TeX's memory you used:
 12713 strings out of 494842
 179890 string characters out of 6178079
 611784 words of memory out of 5000000
 15136 multiletter control sequences out of 15000+600000
 10211 words of font info for 37 fonts, out of 8000000 for 9000
 62 hyphenation exceptions out of 8191
 39i,13n,58p,503b,1890s stack positions out of 5000i,500n,10000p,200000b,80000s
</usr/share/texlive/texmf-dist/fonts/type1/public/amsfonts/cm/cmbx12.pfb></us
r/share/texlive/texmf-dist/fonts/type1/public/amsfonts/cm/cmmi12.pfb></usr/shar
e/texlive/texmf-dist/fonts/type1/public/amsfonts/cm/cmmi8.pfb></usr/share/texli
ve/texmf-dist/fonts/type1/public/amsfonts/cm/cmr10.pfb></usr/share/texlive/texm
f-dist/fonts/type1/public/amsfonts/cm/cmr12.pfb></usr/share/texlive/texmf-dist/
fonts/type1/public/amsfonts/cm/cmr17.pfb></usr/share/texlive/texmf-dist/fonts/t
ype1/public/amsfonts/cm/cmsy10.pfb></usr/share/texlive/texmf-dist/fonts/type1/p
ublic/amsfonts/cm/cmsy8.pfb></usr/share/texlive/texmf-dist/fonts/type1/public/a
msfonts/cm/cmtt10.pfb>
Output written on Coments.pdf (28 pages, 1409261 bytes).
PDF statistics:
 1009 PDF objects out of 1200 (max. 8388607)
 931 compressed objects within 10 object streams
 694 named destinations out of 1000 (max. 500000)
 116 words of extra memory for PDF output out of 10000 (max. 10000000)

